{"/Users/yusuke/DeadStockSolution/server/src/config/database-url.ts": {"path":"/Users/yusuke/DeadStockSolution/server/src/config/database-url.ts","statementMap":{"0":{"start":{"line":1,"column":35},"end":{"line":1,"column":null}},"1":{"start":{"line":4,"column":21},"end":{"line":4,"column":null}},"2":{"start":{"line":5,"column":2},"end":{"line":5,"column":null}},"3":{"start":{"line":9,"column":2},"end":{"line":9,"column":null}},"4":{"start":{"line":13,"column":2},"end":{"line":14,"column":null}},"5":{"start":{"line":23,"column":27},"end":{"line":23,"column":null}},"6":{"start":{"line":24,"column":37},"end":{"line":26,"column":null}},"7":{"start":{"line":28,"column":27},"end":{"line":30,"column":null}},"8":{"start":{"line":31,"column":2},"end":{"line":35,"column":null}},"9":{"start":{"line":32,"column":4},"end":{"line":34,"column":null}},"10":{"start":{"line":36,"column":20},"end":{"line":36,"column":null}},"11":{"start":{"line":38,"column":36},"end":{"line":38,"column":null}},"12":{"start":{"line":40,"column":24},"end":{"line":44,"column":null}},"13":{"start":{"line":46,"column":2},"end":{"line":46,"column":null}}},"fnMap":{"0":{"name":"normalizeEnvValue","decl":{"start":{"line":3,"column":9},"end":{"line":3,"column":27}},"loc":{"start":{"line":3,"column":74},"end":{"line":6,"column":null}},"line":3},"1":{"name":"isPreviewEnvironment","decl":{"start":{"line":8,"column":9},"end":{"line":8,"column":30}},"loc":{"start":{"line":8,"column":63},"end":{"line":10,"column":null}},"line":8},"2":{"name":"isStrictEnvironment","decl":{"start":{"line":12,"column":9},"end":{"line":12,"column":29}},"loc":{"start":{"line":12,"column":62},"end":{"line":15,"column":null}},"line":12},"3":{"name":"resolveDatabaseUrls","decl":{"start":{"line":22,"column":16},"end":{"line":22,"column":36}},"loc":{"start":{"line":22,"column":96},"end":{"line":47,"column":null}},"line":22}},"branchMap":{"0":{"loc":{"start":{"line":5,"column":9},"end":{"line":5,"column":null}},"type":"cond-expr","locations":[{"start":{"line":5,"column":22},"end":{"line":5,"column":35}},{"start":{"line":5,"column":35},"end":{"line":5,"column":null}}],"line":5},"1":{"loc":{"start":{"line":13,"column":9},"end":{"line":14,"column":null}},"type":"binary-expr","locations":[{"start":{"line":13,"column":9},"end":{"line":13,"column":null}},{"start":{"line":14,"column":7},"end":{"line":14,"column":null}}],"line":13},"2":{"loc":{"start":{"line":22,"column":36},"end":{"line":22,"column":96}},"type":"default-arg","locations":[{"start":{"line":22,"column":61},"end":{"line":22,"column":96}}],"line":22},"3":{"loc":{"start":{"line":24,"column":37},"end":{"line":26,"column":null}},"type":"cond-expr","locations":[{"start":{"line":25,"column":6},"end":{"line":25,"column":null}},{"start":{"line":26,"column":6},"end":{"line":26,"column":null}}],"line":24},"4":{"loc":{"start":{"line":28,"column":27},"end":{"line":30,"column":null}},"type":"binary-expr","locations":[{"start":{"line":28,"column":27},"end":{"line":28,"column":null}},{"start":{"line":29,"column":7},"end":{"line":29,"column":null}},{"start":{"line":30,"column":7},"end":{"line":30,"column":null}}],"line":28},"5":{"loc":{"start":{"line":31,"column":2},"end":{"line":35,"column":null}},"type":"if","locations":[{"start":{"line":31,"column":2},"end":{"line":35,"column":null}},{"start":{},"end":{}}],"line":31},"6":{"loc":{"start":{"line":31,"column":6},"end":{"line":31,"column":53}},"type":"binary-expr","locations":[{"start":{"line":31,"column":6},"end":{"line":31,"column":27}},{"start":{"line":31,"column":27},"end":{"line":31,"column":53}}],"line":31},"7":{"loc":{"start":{"line":36,"column":20},"end":{"line":36,"column":null}},"type":"binary-expr","locations":[{"start":{"line":36,"column":20},"end":{"line":36,"column":40}},{"start":{"line":36,"column":40},"end":{"line":36,"column":null}}],"line":36},"8":{"loc":{"start":{"line":38,"column":36},"end":{"line":38,"column":null}},"type":"binary-expr","locations":[{"start":{"line":38,"column":36},"end":{"line":38,"column":70}},{"start":{"line":38,"column":70},"end":{"line":38,"column":null}}],"line":38},"9":{"loc":{"start":{"line":40,"column":24},"end":{"line":44,"column":null}},"type":"binary-expr","locations":[{"start":{"line":40,"column":24},"end":{"line":40,"column":null}},{"start":{"line":41,"column":8},"end":{"line":41,"column":null}},{"start":{"line":42,"column":8},"end":{"line":42,"column":null}},{"start":{"line":43,"column":7},"end":{"line":43,"column":null}},{"start":{"line":44,"column":7},"end":{"line":44,"column":null}}],"line":40}},"s":{"0":1,"1":8,"2":8,"3":2,"4":1,"5":1,"6":1,"7":1,"8":1,"9":0,"10":1,"11":1,"12":1,"13":1},"f":{"0":8,"1":2,"2":1,"3":1},"b":{"0":[1,7],"1":[1,1],"2":[1],"3":[0,1],"4":[1,1,1],"5":[0,1],"6":[1,1],"7":[1,1],"8":[1,1],"9":[1,1,1,1,1]},"meta":{"lastBranch":10,"lastFunction":4,"lastStatement":14,"seen":{"s:1:35:1:Infinity":0,"f:3:9:3:27":0,"s:4:21:4:Infinity":1,"s:5:2:5:Infinity":2,"b:5:22:5:35:5:35:5:Infinity":0,"f:8:9:8:30":1,"s:9:2:9:Infinity":3,"f:12:9:12:29":2,"s:13:2:14:Infinity":4,"b:13:9:13:Infinity:14:7:14:Infinity":1,"f:22:16:22:36":3,"b:22:61:22:96":2,"s:23:27:23:Infinity":5,"s:24:37:26:Infinity":6,"b:25:6:25:Infinity:26:6:26:Infinity":3,"s:28:27:30:Infinity":7,"b:28:27:28:Infinity:29:7:29:Infinity:30:7:30:Infinity":4,"b:31:2:35:Infinity:undefined:undefined:undefined:undefined":5,"s:31:2:35:Infinity":8,"b:31:6:31:27:31:27:31:53":6,"s:32:4:34:Infinity":9,"s:36:20:36:Infinity":10,"b:36:20:36:40:36:40:36:Infinity":7,"s:38:36:38:Infinity":11,"b:38:36:38:70:38:70:38:Infinity":8,"s:40:24:44:Infinity":12,"b:40:24:40:Infinity:41:8:41:Infinity:42:8:42:Infinity:43:7:43:Infinity:44:7:44:Infinity":9,"s:46:2:46:Infinity":13}}}
,"/Users/yusuke/DeadStockSolution/server/src/config/database.ts": {"path":"/Users/yusuke/DeadStockSolution/server/src/config/database.ts","statementMap":{"0":{"start":{"line":6,"column":18},"end":{"line":6,"column":null}},"1":{"start":{"line":7,"column":6},"end":{"line":7,"column":null}},"2":{"start":{"line":9,"column":13},"end":{"line":9,"column":null}}},"fnMap":{},"branchMap":{},"s":{"0":1,"1":1,"2":1},"f":{},"b":{},"meta":{"lastBranch":0,"lastFunction":0,"lastStatement":3,"seen":{"s:6:18:6:Infinity":0,"s:7:6:7:Infinity":1,"s:9:13:9:Infinity":2}}}
,"/Users/yusuke/DeadStockSolution/server/src/middleware/error-handler.ts": {"path":"/Users/yusuke/DeadStockSolution/server/src/middleware/error-handler.ts","statementMap":{"0":{"start":{"line":6,"column":2},"end":{"line":6,"column":null}},"1":{"start":{"line":6,"column":28},"end":{"line":6,"column":null}},"2":{"start":{"line":7,"column":2},"end":{"line":7,"column":null}},"3":{"start":{"line":11,"column":2},"end":{"line":11,"column":null}},"4":{"start":{"line":12,"column":2},"end":{"line":12,"column":null}},"5":{"start":{"line":22,"column":27},"end":{"line":24,"column":null}},"6":{"start":{"line":27,"column":21},"end":{"line":27,"column":null}},"7":{"start":{"line":28,"column":2},"end":{"line":32,"column":null}},"8":{"start":{"line":29,"column":4},"end":{"line":31,"column":null}},"9":{"start":{"line":30,"column":6},"end":{"line":30,"column":null}},"10":{"start":{"line":33,"column":2},"end":{"line":33,"column":null}},"11":{"start":{"line":37,"column":2},"end":{"line":39,"column":null}},"12":{"start":{"line":38,"column":4},"end":{"line":38,"column":null}},"13":{"start":{"line":41,"column":2},"end":{"line":45,"column":null}},"14":{"start":{"line":42,"column":4},"end":{"line":44,"column":null}},"15":{"start":{"line":47,"column":2},"end":{"line":49,"column":null}},"16":{"start":{"line":53,"column":2},"end":{"line":55,"column":null}},"17":{"start":{"line":54,"column":4},"end":{"line":54,"column":null}},"18":{"start":{"line":56,"column":2},"end":{"line":56,"column":null}},"19":{"start":{"line":60,"column":2},"end":{"line":62,"column":null}},"20":{"start":{"line":61,"column":4},"end":{"line":61,"column":null}},"21":{"start":{"line":63,"column":2},"end":{"line":63,"column":null}},"22":{"start":{"line":67,"column":2},"end":{"line":69,"column":null}},"23":{"start":{"line":68,"column":4},"end":{"line":68,"column":null}},"24":{"start":{"line":70,"column":2},"end":{"line":72,"column":null}},"25":{"start":{"line":71,"column":4},"end":{"line":71,"column":null}},"26":{"start":{"line":73,"column":2},"end":{"line":75,"column":null}},"27":{"start":{"line":74,"column":4},"end":{"line":74,"column":null}},"28":{"start":{"line":76,"column":2},"end":{"line":76,"column":null}},"29":{"start":{"line":80,"column":18},"end":{"line":80,"column":null}},"30":{"start":{"line":81,"column":17},"end":{"line":81,"column":null}},"31":{"start":{"line":82,"column":2},"end":{"line":88,"column":null}},"32":{"start":{"line":89,"column":2},"end":{"line":95,"column":null}},"33":{"start":{"line":96,"column":2},"end":{"line":99,"column":null}}},"fnMap":{"0":{"name":"getErrorMessage","decl":{"start":{"line":5,"column":16},"end":{"line":5,"column":32}},"loc":{"start":{"line":5,"column":54},"end":{"line":8,"column":null}},"line":5},"1":{"name":"handleRouteError","decl":{"start":{"line":10,"column":16},"end":{"line":10,"column":33}},"loc":{"start":{"line":10,"column":113},"end":{"line":13,"column":null}},"line":10},"2":{"name":"resolveStatusCode","decl":{"start":{"line":26,"column":9},"end":{"line":26,"column":27}},"loc":{"start":{"line":26,"column":55},"end":{"line":34,"column":null}},"line":26},"3":{"name":"resolveResponseMessage","decl":{"start":{"line":36,"column":9},"end":{"line":36,"column":32}},"loc":{"start":{"line":36,"column":76},"end":{"line":50,"column":null}},"line":36},"4":{"name":"resolveLogMessage","decl":{"start":{"line":52,"column":9},"end":{"line":52,"column":27}},"loc":{"start":{"line":52,"column":71},"end":{"line":57,"column":null}},"line":52},"5":{"name":"resolveLogStack","decl":{"start":{"line":59,"column":9},"end":{"line":59,"column":25}},"loc":{"start":{"line":59,"column":81},"end":{"line":64,"column":null}},"line":59},"6":{"name":"resolveResponseCode","decl":{"start":{"line":66,"column":9},"end":{"line":66,"column":29}},"loc":{"start":{"line":66,"column":73},"end":{"line":77,"column":null}},"line":66},"7":{"name":"errorHandler","decl":{"start":{"line":79,"column":16},"end":{"line":79,"column":29}},"loc":{"start":{"line":79,"column":97},"end":{"line":100,"column":null}},"line":79}},"branchMap":{"0":{"loc":{"start":{"line":6,"column":2},"end":{"line":6,"column":null}},"type":"if","locations":[{"start":{"line":6,"column":2},"end":{"line":6,"column":null}},{"start":{},"end":{}}],"line":6},"1":{"loc":{"start":{"line":29,"column":4},"end":{"line":31,"column":null}},"type":"if","locations":[{"start":{"line":29,"column":4},"end":{"line":31,"column":null}},{"start":{},"end":{}}],"line":29},"2":{"loc":{"start":{"line":29,"column":8},"end":{"line":29,"column":110}},"type":"binary-expr","locations":[{"start":{"line":29,"column":8},"end":{"line":29,"column":41}},{"start":{"line":29,"column":41},"end":{"line":29,"column":72}},{"start":{"line":29,"column":72},"end":{"line":29,"column":92}},{"start":{"line":29,"column":92},"end":{"line":29,"column":110}}],"line":29},"3":{"loc":{"start":{"line":37,"column":2},"end":{"line":39,"column":null}},"type":"if","locations":[{"start":{"line":37,"column":2},"end":{"line":39,"column":null}},{"start":{},"end":{}}],"line":37},"4":{"loc":{"start":{"line":37,"column":6},"end":{"line":37,"column":60}},"type":"binary-expr","locations":[{"start":{"line":37,"column":6},"end":{"line":37,"column":24}},{"start":{"line":37,"column":24},"end":{"line":37,"column":60}}],"line":37},"5":{"loc":{"start":{"line":41,"column":2},"end":{"line":45,"column":null}},"type":"if","locations":[{"start":{"line":41,"column":2},"end":{"line":45,"column":null}},{"start":{},"end":{}}],"line":41},"6":{"loc":{"start":{"line":42,"column":11},"end":{"line":44,"column":null}},"type":"cond-expr","locations":[{"start":{"line":43,"column":8},"end":{"line":43,"column":null}},{"start":{"line":44,"column":8},"end":{"line":44,"column":null}}],"line":42},"7":{"loc":{"start":{"line":47,"column":9},"end":{"line":49,"column":null}},"type":"cond-expr","locations":[{"start":{"line":48,"column":6},"end":{"line":48,"column":null}},{"start":{"line":49,"column":6},"end":{"line":49,"column":null}}],"line":47},"8":{"loc":{"start":{"line":49,"column":6},"end":{"line":49,"column":null}},"type":"binary-expr","locations":[{"start":{"line":49,"column":6},"end":{"line":49,"column":21}},{"start":{"line":49,"column":21},"end":{"line":49,"column":null}}],"line":49},"9":{"loc":{"start":{"line":53,"column":2},"end":{"line":55,"column":null}},"type":"if","locations":[{"start":{"line":53,"column":2},"end":{"line":55,"column":null}},{"start":{},"end":{}}],"line":53},"10":{"loc":{"start":{"line":53,"column":6},"end":{"line":53,"column":60}},"type":"binary-expr","locations":[{"start":{"line":53,"column":6},"end":{"line":53,"column":24}},{"start":{"line":53,"column":24},"end":{"line":53,"column":60}}],"line":53},"11":{"loc":{"start":{"line":56,"column":9},"end":{"line":56,"column":null}},"type":"binary-expr","locations":[{"start":{"line":56,"column":9},"end":{"line":56,"column":24}},{"start":{"line":56,"column":24},"end":{"line":56,"column":null}}],"line":56},"12":{"loc":{"start":{"line":60,"column":2},"end":{"line":62,"column":null}},"type":"if","locations":[{"start":{"line":60,"column":2},"end":{"line":62,"column":null}},{"start":{},"end":{}}],"line":60},"13":{"loc":{"start":{"line":60,"column":6},"end":{"line":60,"column":60}},"type":"binary-expr","locations":[{"start":{"line":60,"column":6},"end":{"line":60,"column":24}},{"start":{"line":60,"column":24},"end":{"line":60,"column":60}}],"line":60},"14":{"loc":{"start":{"line":67,"column":2},"end":{"line":69,"column":null}},"type":"if","locations":[{"start":{"line":67,"column":2},"end":{"line":69,"column":null}},{"start":{},"end":{}}],"line":67},"15":{"loc":{"start":{"line":67,"column":6},"end":{"line":67,"column":72}},"type":"binary-expr","locations":[{"start":{"line":67,"column":6},"end":{"line":67,"column":38}},{"start":{"line":67,"column":38},"end":{"line":67,"column":72}}],"line":67},"16":{"loc":{"start":{"line":70,"column":2},"end":{"line":72,"column":null}},"type":"if","locations":[{"start":{"line":70,"column":2},"end":{"line":72,"column":null}},{"start":{},"end":{}}],"line":70},"17":{"loc":{"start":{"line":70,"column":6},"end":{"line":70,"column":60}},"type":"binary-expr","locations":[{"start":{"line":70,"column":6},"end":{"line":70,"column":24}},{"start":{"line":70,"column":24},"end":{"line":70,"column":60}}],"line":70},"18":{"loc":{"start":{"line":73,"column":2},"end":{"line":75,"column":null}},"type":"if","locations":[{"start":{"line":73,"column":2},"end":{"line":75,"column":null}},{"start":{},"end":{}}],"line":73},"19":{"loc":{"start":{"line":93,"column":15},"end":{"line":93,"column":null}},"type":"cond-expr","locations":[{"start":{"line":93,"column":65},"end":{"line":93,"column":95}},{"start":{"line":93,"column":95},"end":{"line":93,"column":null}}],"line":93},"20":{"loc":{"start":{"line":94,"column":15},"end":{"line":94,"column":null}},"type":"cond-expr","locations":[{"start":{"line":94,"column":50},"end":{"line":94,"column":65}},{"start":{"line":94,"column":65},"end":{"line":94,"column":null}}],"line":94}},"s":{"0":7,"1":7,"2":0,"3":0,"4":0,"5":4,"6":0,"7":0,"8":0,"9":0,"10":0,"11":0,"12":0,"13":0,"14":0,"15":0,"16":0,"17":0,"18":0,"19":0,"20":0,"21":0,"22":0,"23":0,"24":0,"25":0,"26":0,"27":0,"28":0,"29":0,"30":0,"31":0,"32":0,"33":0},"f":{"0":7,"1":0,"2":0,"3":0,"4":0,"5":0,"6":0,"7":0},"b":{"0":[7,0],"1":[0,0],"2":[0,0,0,0],"3":[0,0],"4":[0,0],"5":[0,0],"6":[0,0],"7":[0,0],"8":[0,0],"9":[0,0],"10":[0,0],"11":[0,0],"12":[0,0],"13":[0,0],"14":[0,0],"15":[0,0],"16":[0,0],"17":[0,0],"18":[0,0],"19":[0,0],"20":[0,0]},"meta":{"lastBranch":21,"lastFunction":8,"lastStatement":34,"seen":{"f:5:16:5:32":0,"b:6:2:6:Infinity:undefined:undefined:undefined:undefined":0,"s:6:2:6:Infinity":0,"s:6:28:6:Infinity":1,"s:7:2:7:Infinity":2,"f:10:16:10:33":1,"s:11:2:11:Infinity":3,"s:12:2:12:Infinity":4,"s:22:27:24:Infinity":5,"f:26:9:26:27":2,"s:27:21:27:Infinity":6,"s:28:2:32:Infinity":7,"b:29:4:31:Infinity:undefined:undefined:undefined:undefined":1,"s:29:4:31:Infinity":8,"b:29:8:29:41:29:41:29:72:29:72:29:92:29:92:29:110":2,"s:30:6:30:Infinity":9,"s:33:2:33:Infinity":10,"f:36:9:36:32":3,"b:37:2:39:Infinity:undefined:undefined:undefined:undefined":3,"s:37:2:39:Infinity":11,"b:37:6:37:24:37:24:37:60":4,"s:38:4:38:Infinity":12,"b:41:2:45:Infinity:undefined:undefined:undefined:undefined":5,"s:41:2:45:Infinity":13,"s:42:4:44:Infinity":14,"b:43:8:43:Infinity:44:8:44:Infinity":6,"s:47:2:49:Infinity":15,"b:48:6:48:Infinity:49:6:49:Infinity":7,"b:49:6:49:21:49:21:49:Infinity":8,"f:52:9:52:27":4,"b:53:2:55:Infinity:undefined:undefined:undefined:undefined":9,"s:53:2:55:Infinity":16,"b:53:6:53:24:53:24:53:60":10,"s:54:4:54:Infinity":17,"s:56:2:56:Infinity":18,"b:56:9:56:24:56:24:56:Infinity":11,"f:59:9:59:25":5,"b:60:2:62:Infinity:undefined:undefined:undefined:undefined":12,"s:60:2:62:Infinity":19,"b:60:6:60:24:60:24:60:60":13,"s:61:4:61:Infinity":20,"s:63:2:63:Infinity":21,"f:66:9:66:29":6,"b:67:2:69:Infinity:undefined:undefined:undefined:undefined":14,"s:67:2:69:Infinity":22,"b:67:6:67:38:67:38:67:72":15,"s:68:4:68:Infinity":23,"b:70:2:72:Infinity:undefined:undefined:undefined:undefined":16,"s:70:2:72:Infinity":24,"b:70:6:70:24:70:24:70:60":17,"s:71:4:71:Infinity":25,"b:73:2:75:Infinity:undefined:undefined:undefined:undefined":18,"s:73:2:75:Infinity":26,"s:74:4:74:Infinity":27,"s:76:2:76:Infinity":28,"f:79:16:79:29":7,"s:80:18:80:Infinity":29,"s:81:17:81:Infinity":30,"s:82:2:88:Infinity":31,"s:89:2:95:Infinity":32,"b:93:65:93:95:93:95:93:Infinity":19,"b:94:50:94:65:94:65:94:Infinity":20,"s:96:2:99:Infinity":33}}}
,"/Users/yusuke/DeadStockSolution/server/src/services/drug-master-lookup-service.ts": {"path":"/Users/yusuke/DeadStockSolution/server/src/services/drug-master-lookup-service.ts","statementMap":{"0":{"start":{"line":26,"column":2},"end":{"line":26,"column":null}},"1":{"start":{"line":30,"column":2},"end":{"line":30,"column":null}},"2":{"start":{"line":30,"column":21},"end":{"line":30,"column":null}},"3":{"start":{"line":32,"column":20},"end":{"line":32,"column":null}},"4":{"start":{"line":33,"column":8},"end":{"line":33,"column":null}},"5":{"start":{"line":34,"column":8},"end":{"line":34,"column":null}},"6":{"start":{"line":35,"column":8},"end":{"line":35,"column":null}},"7":{"start":{"line":37,"column":20},"end":{"line":37,"column":null}},"8":{"start":{"line":38,"column":25},"end":{"line":38,"column":null}},"9":{"start":{"line":38,"column":45},"end":{"line":38,"column":111}},"10":{"start":{"line":39,"column":28},"end":{"line":39,"column":null}},"11":{"start":{"line":39,"column":48},"end":{"line":39,"column":117}},"12":{"start":{"line":42,"column":23},"end":{"line":42,"column":null}},"13":{"start":{"line":43,"column":24},"end":{"line":43,"column":null}},"14":{"start":{"line":45,"column":24},"end":{"line":45,"column":null}},"15":{"start":{"line":46,"column":2},"end":{"line":46,"column":null}},"16":{"start":{"line":46,"column":21},"end":{"line":46,"column":null}},"17":{"start":{"line":48,"column":2},"end":{"line":63,"column":null}},"18":{"start":{"line":67,"column":18},"end":{"line":67,"column":null}},"19":{"start":{"line":70,"column":15},"end":{"line":73,"column":null}},"20":{"start":{"line":74,"column":2},"end":{"line":74,"column":null}},"21":{"start":{"line":74,"column":15},"end":{"line":74,"column":null}},"22":{"start":{"line":77,"column":20},"end":{"line":86,"column":null}},"23":{"start":{"line":88,"column":2},"end":{"line":94,"column":null}},"24":{"start":{"line":89,"column":19},"end":{"line":92,"column":null}},"25":{"start":{"line":93,"column":4},"end":{"line":93,"column":null}},"26":{"start":{"line":96,"column":2},"end":{"line":96,"column":null}},"27":{"start":{"line":100,"column":24},"end":{"line":100,"column":null}},"28":{"start":{"line":101,"column":25},"end":{"line":101,"column":null}},"29":{"start":{"line":102,"column":29},"end":{"line":103,"column":null}},"30":{"start":{"line":104,"column":27},"end":{"line":104,"column":null}},"31":{"start":{"line":106,"column":21},"end":{"line":110,"column":null}},"32":{"start":{"line":112,"column":2},"end":{"line":118,"column":null}},"33":{"start":{"line":122,"column":17},"end":{"line":122,"column":null}},"34":{"start":{"line":123,"column":2},"end":{"line":123,"column":null}},"35":{"start":{"line":123,"column":13},"end":{"line":123,"column":null}},"36":{"start":{"line":125,"column":22},"end":{"line":126,"column":null}},"37":{"start":{"line":127,"column":19},"end":{"line":139,"column":null}},"38":{"start":{"line":128,"column":10},"end":{"line":132,"column":null}},"39":{"start":{"line":133,"column":4},"end":{"line":138,"column":null}},"40":{"start":{"line":141,"column":23},"end":{"line":143,"column":null}},"41":{"start":{"line":145,"column":2},"end":{"line":145,"column":null}},"42":{"start":{"line":149,"column":20},"end":{"line":149,"column":null}},"43":{"start":{"line":150,"column":2},"end":{"line":153,"column":null}},"44":{"start":{"line":168,"column":34},"end":{"line":168,"column":null}},"45":{"start":{"line":169,"column":45},"end":{"line":169,"column":null}},"46":{"start":{"line":170,"column":2},"end":{"line":172,"column":null}},"47":{"start":{"line":171,"column":4},"end":{"line":171,"column":null}},"48":{"start":{"line":173,"column":20},"end":{"line":176,"column":null}},"49":{"start":{"line":177,"column":2},"end":{"line":177,"column":null}}},"fnMap":{"0":{"name":"escapeLikePattern","decl":{"start":{"line":25,"column":9},"end":{"line":25,"column":27}},"loc":{"start":{"line":25,"column":49},"end":{"line":27,"column":null}},"line":25},"1":{"name":"searchDrugMaster","decl":{"start":{"line":29,"column":22},"end":{"line":29,"column":39}},"loc":{"start":{"line":29,"column":74},"end":{"line":64,"column":null}},"line":29},"2":{"name":"(anonymous_2)","decl":{"start":{"line":38,"column":44},"end":{"line":38,"column":45}},"loc":{"start":{"line":38,"column":45},"end":{"line":38,"column":111}},"line":38},"3":{"name":"(anonymous_3)","decl":{"start":{"line":39,"column":47},"end":{"line":39,"column":48}},"loc":{"start":{"line":39,"column":48},"end":{"line":39,"column":117}},"line":39},"4":{"name":"lookupByCode","decl":{"start":{"line":66,"column":22},"end":{"line":66,"column":35}},"loc":{"start":{"line":66,"column":49},"end":{"line":97,"column":null}},"line":66},"5":{"name":"getDrugMasterStats","decl":{"start":{"line":99,"column":22},"end":{"line":99,"column":69}},"loc":{"start":{"line":99,"column":69},"end":{"line":119,"column":null}},"line":99},"6":{"name":"getDrugDetail","decl":{"start":{"line":121,"column":22},"end":{"line":121,"column":36}},"loc":{"start":{"line":121,"column":52},"end":{"line":146,"column":null}},"line":121},"7":{"name":"(anonymous_7)","decl":{"start":{"line":127,"column":35},"end":{"line":127,"column":36}},"loc":{"start":{"line":127,"column":44},"end":{"line":139,"column":3}},"line":127},"8":{"name":"getSyncLogs","decl":{"start":{"line":148,"column":22},"end":{"line":148,"column":34}},"loc":{"start":{"line":148,"column":54},"end":{"line":154,"column":null}},"line":148},"9":{"name":"updateDrugMasterItem","decl":{"start":{"line":156,"column":22},"end":{"line":156,"column":43}},"loc":{"start":{"line":167,"column":3},"end":{"line":178,"column":null}},"line":167}},"branchMap":{"0":{"loc":{"start":{"line":29,"column":54},"end":{"line":29,"column":74}},"type":"default-arg","locations":[{"start":{"line":29,"column":70},"end":{"line":29,"column":74}}],"line":29},"1":{"loc":{"start":{"line":30,"column":2},"end":{"line":30,"column":null}},"type":"if","locations":[{"start":{"line":30,"column":2},"end":{"line":30,"column":null}},{"start":{},"end":{}}],"line":30},"2":{"loc":{"start":{"line":43,"column":24},"end":{"line":43,"column":null}},"type":"cond-expr","locations":[{"start":{"line":43,"column":24},"end":{"line":43,"column":105}},{"start":{"line":43,"column":105},"end":{"line":43,"column":null}}],"line":43},"3":{"loc":{"start":{"line":46,"column":2},"end":{"line":46,"column":null}},"type":"if","locations":[{"start":{"line":46,"column":2},"end":{"line":46,"column":null}},{"start":{},"end":{}}],"line":46},"4":{"loc":{"start":{"line":74,"column":2},"end":{"line":74,"column":null}},"type":"if","locations":[{"start":{"line":74,"column":2},"end":{"line":74,"column":null}},{"start":{},"end":{}}],"line":74},"5":{"loc":{"start":{"line":88,"column":2},"end":{"line":94,"column":null}},"type":"if","locations":[{"start":{"line":88,"column":2},"end":{"line":94,"column":null}},{"start":{},"end":{}}],"line":88},"6":{"loc":{"start":{"line":93,"column":11},"end":{"line":93,"column":null}},"type":"binary-expr","locations":[{"start":{"line":93,"column":11},"end":{"line":93,"column":24}},{"start":{"line":93,"column":24},"end":{"line":93,"column":null}}],"line":93},"7":{"loc":{"start":{"line":117,"column":16},"end":{"line":117,"column":null}},"type":"binary-expr","locations":[{"start":{"line":117,"column":16},"end":{"line":117,"column":39}},{"start":{"line":117,"column":39},"end":{"line":117,"column":null}}],"line":117},"8":{"loc":{"start":{"line":123,"column":2},"end":{"line":123,"column":null}},"type":"if","locations":[{"start":{"line":123,"column":2},"end":{"line":123,"column":null}},{"start":{},"end":{}}],"line":123},"9":{"loc":{"start":{"line":135,"column":30},"end":{"line":135,"column":null}},"type":"binary-expr","locations":[{"start":{"line":135,"column":30},"end":{"line":135,"column":60}},{"start":{"line":135,"column":60},"end":{"line":135,"column":null}}],"line":135},"10":{"loc":{"start":{"line":136,"column":19},"end":{"line":136,"column":null}},"type":"binary-expr","locations":[{"start":{"line":136,"column":19},"end":{"line":136,"column":38}},{"start":{"line":136,"column":38},"end":{"line":136,"column":null}}],"line":136},"11":{"loc":{"start":{"line":137,"column":22},"end":{"line":137,"column":null}},"type":"binary-expr","locations":[{"start":{"line":137,"column":22},"end":{"line":137,"column":44}},{"start":{"line":137,"column":44},"end":{"line":137,"column":null}}],"line":137},"12":{"loc":{"start":{"line":148,"column":34},"end":{"line":148,"column":54}},"type":"default-arg","locations":[{"start":{"line":148,"column":50},"end":{"line":148,"column":54}}],"line":148},"13":{"loc":{"start":{"line":170,"column":2},"end":{"line":172,"column":null}},"type":"if","locations":[{"start":{"line":170,"column":2},"end":{"line":172,"column":null}},{"start":{},"end":{}}],"line":170},"14":{"loc":{"start":{"line":177,"column":9},"end":{"line":177,"column":null}},"type":"binary-expr","locations":[{"start":{"line":177,"column":9},"end":{"line":177,"column":20}},{"start":{"line":177,"column":20},"end":{"line":177,"column":null}}],"line":177}},"s":{"0":0,"1":0,"2":0,"3":0,"4":0,"5":0,"6":0,"7":0,"8":0,"9":0,"10":0,"11":0,"12":0,"13":0,"14":0,"15":0,"16":0,"17":0,"18":0,"19":0,"20":0,"21":0,"22":0,"23":0,"24":0,"25":0,"26":0,"27":0,"28":0,"29":0,"30":0,"31":0,"32":0,"33":0,"34":0,"35":0,"36":0,"37":0,"38":0,"39":0,"40":0,"41":0,"42":0,"43":0,"44":0,"45":0,"46":0,"47":0,"48":0,"49":0},"f":{"0":0,"1":0,"2":0,"3":0,"4":0,"5":0,"6":0,"7":0,"8":0,"9":0},"b":{"0":[0],"1":[0,0],"2":[0,0],"3":[0,0],"4":[0,0],"5":[0,0],"6":[0,0],"7":[0,0],"8":[0,0],"9":[0,0],"10":[0,0],"11":[0,0],"12":[0],"13":[0,0],"14":[0,0]},"meta":{"lastBranch":15,"lastFunction":10,"lastStatement":50,"seen":{"f:25:9:25:27":0,"s:26:2:26:Infinity":0,"f:29:22:29:39":1,"b:29:70:29:74":0,"b:30:2:30:Infinity:undefined:undefined:undefined:undefined":1,"s:30:2:30:Infinity":1,"s:30:21:30:Infinity":2,"s:32:20:32:Infinity":3,"s:33:8:33:Infinity":4,"s:34:8:34:Infinity":5,"s:35:8:35:Infinity":6,"s:37:20:37:Infinity":7,"s:38:25:38:Infinity":8,"f:38:44:38:45":2,"s:38:45:38:111":9,"s:39:28:39:Infinity":10,"f:39:47:39:48":3,"s:39:48:39:117":11,"s:42:23:42:Infinity":12,"s:43:24:43:Infinity":13,"b:43:24:43:105:43:105:43:Infinity":2,"s:45:24:45:Infinity":14,"b:46:2:46:Infinity:undefined:undefined:undefined:undefined":3,"s:46:2:46:Infinity":15,"s:46:21:46:Infinity":16,"s:48:2:63:Infinity":17,"f:66:22:66:35":4,"s:67:18:67:Infinity":18,"s:70:15:73:Infinity":19,"b:74:2:74:Infinity:undefined:undefined:undefined:undefined":4,"s:74:2:74:Infinity":20,"s:74:15:74:Infinity":21,"s:77:20:86:Infinity":22,"b:88:2:94:Infinity:undefined:undefined:undefined:undefined":5,"s:88:2:94:Infinity":23,"s:89:19:92:Infinity":24,"s:93:4:93:Infinity":25,"b:93:11:93:24:93:24:93:Infinity":6,"s:96:2:96:Infinity":26,"f:99:22:99:69":5,"s:100:24:100:Infinity":27,"s:101:25:101:Infinity":28,"s:102:29:103:Infinity":29,"s:104:27:104:Infinity":30,"s:106:21:110:Infinity":31,"s:112:2:118:Infinity":32,"b:117:16:117:39:117:39:117:Infinity":7,"f:121:22:121:36":6,"s:122:17:122:Infinity":33,"b:123:2:123:Infinity:undefined:undefined:undefined:undefined":8,"s:123:2:123:Infinity":34,"s:123:13:123:Infinity":35,"s:125:22:126:Infinity":36,"s:127:19:139:Infinity":37,"f:127:35:127:36":7,"s:128:10:132:Infinity":38,"s:133:4:138:Infinity":39,"b:135:30:135:60:135:60:135:Infinity":9,"b:136:19:136:38:136:38:136:Infinity":10,"b:137:22:137:44:137:44:137:Infinity":11,"s:141:23:143:Infinity":40,"s:145:2:145:Infinity":41,"f:148:22:148:34":8,"b:148:50:148:54":12,"s:149:20:149:Infinity":42,"s:150:2:153:Infinity":43,"f:156:22:156:43":9,"s:168:34:168:Infinity":44,"s:169:45:169:Infinity":45,"b:170:2:172:Infinity:undefined:undefined:undefined:undefined":13,"s:170:2:172:Infinity":46,"s:171:4:171:Infinity":47,"s:173:20:176:Infinity":48,"s:177:2:177:Infinity":49,"b:177:9:177:20:177:20:177:Infinity":14}}}
,"/Users/yusuke/DeadStockSolution/server/src/services/drug-master-parser-service.ts": {"path":"/Users/yusuke/DeadStockSolution/server/src/services/drug-master-parser-service.ts","statementMap":{"0":{"start":{"line":37,"column":55},"end":{"line":49,"column":null}},"1":{"start":{"line":52,"column":16},"end":{"line":52,"column":null}},"2":{"start":{"line":53,"column":18},"end":{"line":53,"column":null}},"3":{"start":{"line":54,"column":44},"end":{"line":54,"column":null}},"4":{"start":{"line":56,"column":20},"end":{"line":56,"column":null}},"5":{"start":{"line":57,"column":2},"end":{"line":91,"column":null}},"6":{"start":{"line":57,"column":15},"end":{"line":57,"column":18}},"7":{"start":{"line":58,"column":16},"end":{"line":58,"column":null}},"8":{"start":{"line":59,"column":4},"end":{"line":59,"column":null}},"9":{"start":{"line":59,"column":14},"end":{"line":59,"column":null}},"10":{"start":{"line":61,"column":20},"end":{"line":61,"column":null}},"11":{"start":{"line":61,"column":35},"end":{"line":61,"column":75}},"12":{"start":{"line":62,"column":44},"end":{"line":62,"column":null}},"13":{"start":{"line":63,"column":16},"end":{"line":63,"column":null}},"14":{"start":{"line":65,"column":4},"end":{"line":84,"column":null}},"15":{"start":{"line":66,"column":6},"end":{"line":83,"column":null}},"16":{"start":{"line":66,"column":24},"end":{"line":66,"column":27}},"17":{"start":{"line":67,"column":23},"end":{"line":67,"column":null}},"18":{"start":{"line":68,"column":8},"end":{"line":68,"column":null}},"19":{"start":{"line":68,"column":21},"end":{"line":68,"column":null}},"20":{"start":{"line":69,"column":8},"end":{"line":82,"column":null}},"21":{"start":{"line":70,"column":24},"end":{"line":70,"column":null}},"22":{"start":{"line":72,"column":10},"end":{"line":74,"column":null}},"23":{"start":{"line":73,"column":12},"end":{"line":73,"column":null}},"24":{"start":{"line":75,"column":10},"end":{"line":81,"column":null}},"25":{"start":{"line":76,"column":12},"end":{"line":79,"column":null}},"26":{"start":{"line":77,"column":14},"end":{"line":77,"column":null}},"27":{"start":{"line":78,"column":14},"end":{"line":78,"column":null}},"28":{"start":{"line":80,"column":12},"end":{"line":80,"column":null}},"29":{"start":{"line":86,"column":4},"end":{"line":90,"column":null}},"30":{"start":{"line":87,"column":6},"end":{"line":87,"column":null}},"31":{"start":{"line":88,"column":6},"end":{"line":88,"column":null}},"32":{"start":{"line":89,"column":6},"end":{"line":89,"column":null}},"33":{"start":{"line":93,"column":2},"end":{"line":93,"column":null}},"34":{"start":{"line":97,"column":2},"end":{"line":97,"column":null}},"35":{"start":{"line":97,"column":57},"end":{"line":97,"column":null}},"36":{"start":{"line":98,"column":14},"end":{"line":98,"column":null}},"37":{"start":{"line":99,"column":2},"end":{"line":99,"column":null}},"38":{"start":{"line":99,"column":41},"end":{"line":99,"column":null}},"39":{"start":{"line":100,"column":14},"end":{"line":100,"column":null}},"40":{"start":{"line":101,"column":2},"end":{"line":101,"column":null}},"41":{"start":{"line":105,"column":2},"end":{"line":105,"column":null}},"42":{"start":{"line":105,"column":12},"end":{"line":105,"column":null}},"43":{"start":{"line":107,"column":18},"end":{"line":107,"column":null}},"44":{"start":{"line":109,"column":2},"end":{"line":109,"column":null}},"45":{"start":{"line":109,"column":32},"end":{"line":109,"column":null}},"46":{"start":{"line":111,"column":2},"end":{"line":111,"column":null}},"47":{"start":{"line":111,"column":39},"end":{"line":111,"column":null}},"48":{"start":{"line":112,"column":2},"end":{"line":112,"column":null}},"49":{"start":{"line":116,"column":32},"end":{"line":116,"column":null}},"50":{"start":{"line":118,"column":2},"end":{"line":120,"column":null}},"51":{"start":{"line":119,"column":4},"end":{"line":119,"column":null}},"52":{"start":{"line":122,"column":35},"end":{"line":122,"column":null}},"53":{"start":{"line":124,"column":2},"end":{"line":149,"column":null}},"54":{"start":{"line":124,"column":15},"end":{"line":124,"column":29}},"55":{"start":{"line":125,"column":16},"end":{"line":125,"column":null}},"56":{"start":{"line":126,"column":4},"end":{"line":126,"column":null}},"57":{"start":{"line":126,"column":14},"end":{"line":126,"column":null}},"58":{"start":{"line":128,"column":19},"end":{"line":128,"column":null}},"59":{"start":{"line":129,"column":21},"end":{"line":129,"column":null}},"60":{"start":{"line":130,"column":21},"end":{"line":130,"column":null}},"61":{"start":{"line":131,"column":10},"end":{"line":131,"column":null}},"62":{"start":{"line":134,"column":4},"end":{"line":134,"column":null}},"63":{"start":{"line":134,"column":71},"end":{"line":134,"column":null}},"64":{"start":{"line":136,"column":4},"end":{"line":148,"column":null}},"65":{"start":{"line":151,"column":2},"end":{"line":151,"column":null}},"66":{"start":{"line":162,"column":2},"end":{"line":164,"column":null}},"67":{"start":{"line":163,"column":4},"end":{"line":163,"column":null}},"68":{"start":{"line":167,"column":19},"end":{"line":167,"column":null}},"69":{"start":{"line":169,"column":2},"end":{"line":171,"column":null}},"70":{"start":{"line":170,"column":4},"end":{"line":170,"column":null}},"71":{"start":{"line":174,"column":2},"end":{"line":176,"column":null}},"72":{"start":{"line":175,"column":4},"end":{"line":175,"column":null}},"73":{"start":{"line":178,"column":2},"end":{"line":178,"column":null}},"74":{"start":{"line":184,"column":16},"end":{"line":184,"column":null}},"75":{"start":{"line":185,"column":2},"end":{"line":185,"column":null}},"76":{"start":{"line":185,"column":24},"end":{"line":185,"column":null}},"77":{"start":{"line":188,"column":18},"end":{"line":188,"column":null}},"78":{"start":{"line":188,"column":38},"end":{"line":188,"column":56}},"79":{"start":{"line":189,"column":2},"end":{"line":189,"column":null}},"80":{"start":{"line":193,"column":27},"end":{"line":193,"column":null}},"81":{"start":{"line":194,"column":16},"end":{"line":194,"column":null}},"82":{"start":{"line":195,"column":17},"end":{"line":195,"column":null}},"83":{"start":{"line":197,"column":2},"end":{"line":218,"column":null}},"84":{"start":{"line":197,"column":15},"end":{"line":197,"column":18}},"85":{"start":{"line":198,"column":15},"end":{"line":198,"column":null}},"86":{"start":{"line":199,"column":4},"end":{"line":217,"column":null}},"87":{"start":{"line":200,"column":6},"end":{"line":207,"column":null}},"88":{"start":{"line":201,"column":8},"end":{"line":201,"column":null}},"89":{"start":{"line":202,"column":8},"end":{"line":202,"column":null}},"90":{"start":{"line":203,"column":6},"end":{"line":207,"column":null}},"91":{"start":{"line":204,"column":8},"end":{"line":204,"column":null}},"92":{"start":{"line":206,"column":8},"end":{"line":206,"column":null}},"93":{"start":{"line":209,"column":6},"end":{"line":216,"column":null}},"94":{"start":{"line":210,"column":8},"end":{"line":210,"column":null}},"95":{"start":{"line":211,"column":6},"end":{"line":216,"column":null}},"96":{"start":{"line":212,"column":8},"end":{"line":212,"column":null}},"97":{"start":{"line":213,"column":8},"end":{"line":213,"column":null}},"98":{"start":{"line":215,"column":8},"end":{"line":215,"column":null}},"99":{"start":{"line":219,"column":2},"end":{"line":219,"column":null}},"100":{"start":{"line":220,"column":2},"end":{"line":220,"column":null}},"101":{"start":{"line":225,"column":58},"end":{"line":233,"column":null}},"102":{"start":{"line":235,"column":55},"end":{"line":243,"column":null}},"103":{"start":{"line":246,"column":16},"end":{"line":246,"column":null}},"104":{"start":{"line":247,"column":18},"end":{"line":247,"column":null}},"105":{"start":{"line":247,"column":38},"end":{"line":247,"column":56}},"106":{"start":{"line":248,"column":2},"end":{"line":248,"column":null}},"107":{"start":{"line":252,"column":2},"end":{"line":255,"column":null}},"108":{"start":{"line":259,"column":2},"end":{"line":259,"column":null}},"109":{"start":{"line":259,"column":45},"end":{"line":259,"column":null}},"110":{"start":{"line":260,"column":2},"end":{"line":263,"column":null}},"111":{"start":{"line":261,"column":17},"end":{"line":261,"column":null}},"112":{"start":{"line":262,"column":4},"end":{"line":262,"column":null}},"113":{"start":{"line":264,"column":2},"end":{"line":264,"column":null}},"114":{"start":{"line":264,"column":33},"end":{"line":264,"column":null}},"115":{"start":{"line":266,"column":17},"end":{"line":266,"column":null}},"116":{"start":{"line":267,"column":2},"end":{"line":273,"column":null}},"117":{"start":{"line":268,"column":16},"end":{"line":268,"column":null}},"118":{"start":{"line":269,"column":4},"end":{"line":272,"column":null}},"119":{"start":{"line":270,"column":19},"end":{"line":270,"column":null}},"120":{"start":{"line":271,"column":6},"end":{"line":271,"column":null}},"121":{"start":{"line":271,"column":16},"end":{"line":271,"column":null}},"122":{"start":{"line":275,"column":2},"end":{"line":275,"column":null}},"123":{"start":{"line":283,"column":33},"end":{"line":283,"column":null}},"124":{"start":{"line":284,"column":18},"end":{"line":284,"column":null}},"125":{"start":{"line":286,"column":2},"end":{"line":311,"column":null}},"126":{"start":{"line":287,"column":16},"end":{"line":287,"column":null}},"127":{"start":{"line":288,"column":4},"end":{"line":290,"column":null}},"128":{"start":{"line":288,"column":52},"end":{"line":288,"column":85}},"129":{"start":{"line":289,"column":6},"end":{"line":289,"column":null}},"130":{"start":{"line":292,"column":4},"end":{"line":310,"column":null}},"131":{"start":{"line":293,"column":32},"end":{"line":293,"column":null}},"132":{"start":{"line":294,"column":18},"end":{"line":294,"column":null}},"133":{"start":{"line":295,"column":6},"end":{"line":301,"column":null}},"134":{"start":{"line":296,"column":8},"end":{"line":296,"column":null}},"135":{"start":{"line":297,"column":6},"end":{"line":301,"column":null}},"136":{"start":{"line":298,"column":8},"end":{"line":298,"column":null}},"137":{"start":{"line":299,"column":6},"end":{"line":301,"column":null}},"138":{"start":{"line":300,"column":8},"end":{"line":300,"column":null}},"139":{"start":{"line":303,"column":6},"end":{"line":309,"column":null}},"140":{"start":{"line":304,"column":22},"end":{"line":304,"column":null}},"141":{"start":{"line":305,"column":8},"end":{"line":308,"column":null}},"142":{"start":{"line":306,"column":10},"end":{"line":306,"column":null}},"143":{"start":{"line":307,"column":10},"end":{"line":307,"column":null}},"144":{"start":{"line":312,"column":2},"end":{"line":312,"column":null}},"145":{"start":{"line":316,"column":16},"end":{"line":316,"column":null}},"146":{"start":{"line":317,"column":17},"end":{"line":317,"column":null}},"147":{"start":{"line":318,"column":2},"end":{"line":318,"column":null}},"148":{"start":{"line":318,"column":15},"end":{"line":318,"column":null}},"149":{"start":{"line":320,"column":18},"end":{"line":320,"column":null}},"150":{"start":{"line":321,"column":18},"end":{"line":321,"column":null}},"151":{"start":{"line":322,"column":18},"end":{"line":322,"column":null}},"152":{"start":{"line":323,"column":2},"end":{"line":323,"column":null}},"153":{"start":{"line":323,"column":40},"end":{"line":323,"column":null}},"154":{"start":{"line":325,"column":2},"end":{"line":333,"column":null}},"155":{"start":{"line":337,"column":17},"end":{"line":343,"column":null}},"156":{"start":{"line":345,"column":17},"end":{"line":345,"column":null}},"157":{"start":{"line":346,"column":35},"end":{"line":346,"column":null}},"158":{"start":{"line":348,"column":15},"end":{"line":363,"column":null}},"159":{"start":{"line":349,"column":4},"end":{"line":349,"column":null}},"160":{"start":{"line":349,"column":15},"end":{"line":349,"column":null}},"161":{"start":{"line":350,"column":4},"end":{"line":353,"column":null}},"162":{"start":{"line":351,"column":6},"end":{"line":351,"column":null}},"163":{"start":{"line":351,"column":32},"end":{"line":351,"column":null}},"164":{"start":{"line":352,"column":6},"end":{"line":352,"column":null}},"165":{"start":{"line":354,"column":4},"end":{"line":354,"column":null}},"166":{"start":{"line":354,"column":34},"end":{"line":354,"column":null}},"167":{"start":{"line":356,"column":16},"end":{"line":356,"column":null}},"168":{"start":{"line":357,"column":16},"end":{"line":357,"column":null}},"169":{"start":{"line":358,"column":4},"end":{"line":358,"column":null}},"170":{"start":{"line":358,"column":13},"end":{"line":358,"column":null}},"171":{"start":{"line":360,"column":4},"end":{"line":362,"column":null}},"172":{"start":{"line":361,"column":6},"end":{"line":361,"column":null}},"173":{"start":{"line":365,"column":2},"end":{"line":365,"column":null}},"174":{"start":{"line":367,"column":18},"end":{"line":367,"column":null}},"175":{"start":{"line":368,"column":2},"end":{"line":373,"column":null}},"176":{"start":{"line":369,"column":16},"end":{"line":369,"column":null}},"177":{"start":{"line":370,"column":4},"end":{"line":372,"column":null}},"178":{"start":{"line":371,"column":6},"end":{"line":371,"column":null}},"179":{"start":{"line":374,"column":2},"end":{"line":374,"column":null}},"180":{"start":{"line":377,"column":27},"end":{"line":377,"column":null}},"181":{"start":{"line":378,"column":27},"end":{"line":378,"column":null}},"182":{"start":{"line":381,"column":2},"end":{"line":381,"column":null}},"183":{"start":{"line":381,"column":34},"end":{"line":381,"column":55}},"184":{"start":{"line":385,"column":14},"end":{"line":385,"column":null}},"185":{"start":{"line":386,"column":35},"end":{"line":386,"column":null}},"186":{"start":{"line":387,"column":18},"end":{"line":387,"column":null}},"187":{"start":{"line":389,"column":18},"end":{"line":389,"column":null}},"188":{"start":{"line":390,"column":2},"end":{"line":428,"column":null}},"189":{"start":{"line":390,"column":17},"end":{"line":390,"column":20}},"190":{"start":{"line":391,"column":18},"end":{"line":391,"column":null}},"191":{"start":{"line":392,"column":4},"end":{"line":392,"column":null}},"192":{"start":{"line":392,"column":27},"end":{"line":392,"column":null}},"193":{"start":{"line":395,"column":4},"end":{"line":395,"column":null}},"194":{"start":{"line":395,"column":40},"end":{"line":395,"column":null}},"195":{"start":{"line":398,"column":4},"end":{"line":401,"column":null}},"196":{"start":{"line":399,"column":6},"end":{"line":399,"column":null}},"197":{"start":{"line":400,"column":6},"end":{"line":400,"column":null}},"198":{"start":{"line":402,"column":4},"end":{"line":402,"column":null}},"199":{"start":{"line":403,"column":4},"end":{"line":406,"column":null}},"200":{"start":{"line":404,"column":6},"end":{"line":404,"column":null}},"201":{"start":{"line":405,"column":6},"end":{"line":405,"column":null}},"202":{"start":{"line":408,"column":22},"end":{"line":408,"column":null}},"203":{"start":{"line":409,"column":24},"end":{"line":409,"column":null}},"204":{"start":{"line":411,"column":4},"end":{"line":422,"column":null}},"205":{"start":{"line":412,"column":6},"end":{"line":419,"column":null}},"206":{"start":{"line":413,"column":8},"end":{"line":413,"column":null}},"207":{"start":{"line":414,"column":6},"end":{"line":419,"column":null}},"208":{"start":{"line":415,"column":8},"end":{"line":415,"column":null}},"209":{"start":{"line":416,"column":6},"end":{"line":419,"column":null}},"210":{"start":{"line":417,"column":26},"end":{"line":417,"column":null}},"211":{"start":{"line":418,"column":8},"end":{"line":418,"column":null}},"212":{"start":{"line":421,"column":6},"end":{"line":421,"column":null}},"213":{"start":{"line":425,"column":4},"end":{"line":427,"column":null}},"214":{"start":{"line":426,"column":6},"end":{"line":426,"column":null}},"215":{"start":{"line":430,"column":18},"end":{"line":430,"column":null}},"216":{"start":{"line":431,"column":2},"end":{"line":436,"column":null}},"217":{"start":{"line":432,"column":16},"end":{"line":432,"column":null}},"218":{"start":{"line":433,"column":4},"end":{"line":435,"column":null}},"219":{"start":{"line":434,"column":6},"end":{"line":434,"column":null}},"220":{"start":{"line":437,"column":2},"end":{"line":437,"column":null}},"221":{"start":{"line":441,"column":32},"end":{"line":441,"column":null}},"222":{"start":{"line":442,"column":2},"end":{"line":444,"column":null}},"223":{"start":{"line":443,"column":4},"end":{"line":443,"column":null}},"224":{"start":{"line":446,"column":38},"end":{"line":446,"column":null}},"225":{"start":{"line":447,"column":2},"end":{"line":470,"column":null}},"226":{"start":{"line":447,"column":15},"end":{"line":447,"column":29}},"227":{"start":{"line":448,"column":16},"end":{"line":448,"column":null}},"228":{"start":{"line":449,"column":4},"end":{"line":449,"column":null}},"229":{"start":{"line":449,"column":14},"end":{"line":449,"column":null}},"230":{"start":{"line":451,"column":19},"end":{"line":451,"column":null}},"231":{"start":{"line":452,"column":4},"end":{"line":452,"column":null}},"232":{"start":{"line":452,"column":17},"end":{"line":452,"column":null}},"233":{"start":{"line":454,"column":20},"end":{"line":454,"column":null}},"234":{"start":{"line":455,"column":20},"end":{"line":455,"column":null}},"235":{"start":{"line":456,"column":20},"end":{"line":456,"column":null}},"236":{"start":{"line":459,"column":4},"end":{"line":459,"column":null}},"237":{"start":{"line":459,"column":42},"end":{"line":459,"column":null}},"238":{"start":{"line":461,"column":4},"end":{"line":469,"column":null}},"239":{"start":{"line":471,"column":2},"end":{"line":471,"column":null}},"240":{"start":{"line":475,"column":16},"end":{"line":475,"column":null}},"241":{"start":{"line":476,"column":18},"end":{"line":476,"column":null}},"242":{"start":{"line":477,"column":44},"end":{"line":477,"column":null}},"243":{"start":{"line":479,"column":20},"end":{"line":479,"column":null}},"244":{"start":{"line":480,"column":2},"end":{"line":509,"column":null}},"245":{"start":{"line":480,"column":15},"end":{"line":480,"column":18}},"246":{"start":{"line":481,"column":16},"end":{"line":481,"column":null}},"247":{"start":{"line":482,"column":4},"end":{"line":482,"column":null}},"248":{"start":{"line":482,"column":14},"end":{"line":482,"column":null}},"249":{"start":{"line":484,"column":20},"end":{"line":484,"column":null}},"250":{"start":{"line":484,"column":35},"end":{"line":484,"column":75}},"251":{"start":{"line":485,"column":44},"end":{"line":485,"column":null}},"252":{"start":{"line":486,"column":16},"end":{"line":486,"column":null}},"253":{"start":{"line":488,"column":4},"end":{"line":502,"column":null}},"254":{"start":{"line":489,"column":6},"end":{"line":501,"column":null}},"255":{"start":{"line":489,"column":24},"end":{"line":489,"column":27}},"256":{"start":{"line":490,"column":23},"end":{"line":490,"column":null}},"257":{"start":{"line":491,"column":8},"end":{"line":491,"column":null}},"258":{"start":{"line":491,"column":21},"end":{"line":491,"column":null}},"259":{"start":{"line":492,"column":8},"end":{"line":500,"column":null}},"260":{"start":{"line":493,"column":10},"end":{"line":499,"column":null}},"261":{"start":{"line":494,"column":12},"end":{"line":497,"column":null}},"262":{"start":{"line":495,"column":14},"end":{"line":495,"column":null}},"263":{"start":{"line":496,"column":14},"end":{"line":496,"column":null}},"264":{"start":{"line":498,"column":12},"end":{"line":498,"column":null}},"265":{"start":{"line":504,"column":4},"end":{"line":508,"column":null}},"266":{"start":{"line":505,"column":6},"end":{"line":505,"column":null}},"267":{"start":{"line":506,"column":6},"end":{"line":506,"column":null}},"268":{"start":{"line":507,"column":6},"end":{"line":507,"column":null}},"269":{"start":{"line":511,"column":2},"end":{"line":511,"column":null}},"270":{"start":{"line":523,"column":16},"end":{"line":525,"column":null}},"271":{"start":{"line":526,"column":2},"end":{"line":529,"column":null}},"272":{"start":{"line":527,"column":23},"end":{"line":527,"column":null}},"273":{"start":{"line":528,"column":4},"end":{"line":528,"column":null}},"274":{"start":{"line":530,"column":20},"end":{"line":530,"column":null}},"275":{"start":{"line":531,"column":2},"end":{"line":531,"column":null}}},"fnMap":{"0":{"name":"detectMhlwHeaderRow","decl":{"start":{"line":51,"column":9},"end":{"line":51,"column":29}},"loc":{"start":{"line":51,"column":103},"end":{"line":94,"column":null}},"line":51},"1":{"name":"(anonymous_1)","decl":{"start":{"line":61,"column":28},"end":{"line":61,"column":29}},"loc":{"start":{"line":61,"column":35},"end":{"line":61,"column":75}},"line":61},"2":{"name":"getCell","decl":{"start":{"line":96,"column":9},"end":{"line":96,"column":17}},"loc":{"start":{"line":96,"column":73},"end":{"line":102,"column":null}},"line":96},"3":{"name":"parseYjCode","decl":{"start":{"line":104,"column":16},"end":{"line":104,"column":28}},"loc":{"start":{"line":104,"column":63},"end":{"line":113,"column":null}},"line":104},"4":{"name":"parseMhlwExcelData","decl":{"start":{"line":115,"column":16},"end":{"line":115,"column":35}},"loc":{"start":{"line":115,"column":71},"end":{"line":152,"column":null}},"line":115},"5":{"name":"decodeCsvBuffer","decl":{"start":{"line":160,"column":16},"end":{"line":160,"column":32}},"loc":{"start":{"line":160,"column":56},"end":{"line":179,"column":null}},"line":160},"6":{"name":"parseMhlwCsvData","decl":{"start":{"line":183,"column":16},"end":{"line":183,"column":33}},"loc":{"start":{"line":183,"column":70},"end":{"line":190,"column":null}},"line":183},"7":{"name":"(anonymous_7)","decl":{"start":{"line":188,"column":28},"end":{"line":188,"column":29}},"loc":{"start":{"line":188,"column":38},"end":{"line":188,"column":56}},"line":188},"8":{"name":"parseCsvLine","decl":{"start":{"line":192,"column":9},"end":{"line":192,"column":22}},"loc":{"start":{"line":192,"column":46},"end":{"line":221,"column":null}},"line":192},"9":{"name":"parsePackageCsvData","decl":{"start":{"line":245,"column":16},"end":{"line":245,"column":36}},"loc":{"start":{"line":245,"column":76},"end":{"line":249,"column":null}},"line":245},"10":{"name":"(anonymous_10)","decl":{"start":{"line":247,"column":28},"end":{"line":247,"column":29}},"loc":{"start":{"line":247,"column":38},"end":{"line":247,"column":56}},"line":247},"11":{"name":"normalizeXmlKey","decl":{"start":{"line":251,"column":9},"end":{"line":251,"column":25}},"loc":{"start":{"line":251,"column":46},"end":{"line":256,"column":null}},"line":251},"12":{"name":"toXmlStringValue","decl":{"start":{"line":258,"column":9},"end":{"line":258,"column":26}},"loc":{"start":{"line":258,"column":57},"end":{"line":276,"column":null}},"line":258},"13":{"name":"pickXmlField","decl":{"start":{"line":278,"column":9},"end":{"line":278,"column":null}},"loc":{"start":{"line":282,"column":17},"end":{"line":313,"column":null}},"line":282},"14":{"name":"(anonymous_14)","decl":{"start":{"line":288,"column":44},"end":{"line":288,"column":45}},"loc":{"start":{"line":288,"column":52},"end":{"line":288,"column":85}},"line":288},"15":{"name":"extractPackageRowFromXmlObject","decl":{"start":{"line":315,"column":9},"end":{"line":315,"column":40}},"loc":{"start":{"line":315,"column":95},"end":{"line":334,"column":null}},"line":315},"16":{"name":"parsePackageXmlData","decl":{"start":{"line":336,"column":16},"end":{"line":336,"column":36}},"loc":{"start":{"line":336,"column":76},"end":{"line":375,"column":null}},"line":336},"17":{"name":"(anonymous_17)","decl":{"start":{"line":348,"column":15},"end":{"line":348,"column":16}},"loc":{"start":{"line":348,"column":40},"end":{"line":363,"column":null}},"line":348},"18":{"name":"yieldToEventLoop","decl":{"start":{"line":380,"column":9},"end":{"line":380,"column":43}},"loc":{"start":{"line":380,"column":43},"end":{"line":382,"column":null}},"line":380},"19":{"name":"(anonymous_19)","decl":{"start":{"line":381,"column":21},"end":{"line":381,"column":22}},"loc":{"start":{"line":381,"column":34},"end":{"line":381,"column":55}},"line":381},"20":{"name":"parsePackageZipData","decl":{"start":{"line":384,"column":22},"end":{"line":384,"column":42}},"loc":{"start":{"line":384,"column":87},"end":{"line":438,"column":null}},"line":384},"21":{"name":"parsePackageExcelData","decl":{"start":{"line":440,"column":16},"end":{"line":440,"column":38}},"loc":{"start":{"line":440,"column":77},"end":{"line":472,"column":null}},"line":440},"22":{"name":"detectPackageHeader","decl":{"start":{"line":474,"column":9},"end":{"line":474,"column":29}},"loc":{"start":{"line":474,"column":103},"end":{"line":512,"column":null}},"line":474},"23":{"name":"(anonymous_23)","decl":{"start":{"line":484,"column":28},"end":{"line":484,"column":29}},"loc":{"start":{"line":484,"column":35},"end":{"line":484,"column":75}},"line":484},"24":{"name":"parseMhlwDrugFile","decl":{"start":{"line":518,"column":22},"end":{"line":518,"column":null}},"loc":{"start":{"line":522,"column":28},"end":{"line":532,"column":null}},"line":522}},"branchMap":{"0":{"loc":{"start":{"line":59,"column":4},"end":{"line":59,"column":null}},"type":"if","locations":[{"start":{"line":59,"column":4},"end":{"line":59,"column":null}},{"start":{},"end":{}}],"line":59},"1":{"loc":{"start":{"line":61,"column":42},"end":{"line":61,"column":49}},"type":"binary-expr","locations":[{"start":{"line":61,"column":42},"end":{"line":61,"column":47}},{"start":{"line":61,"column":47},"end":{"line":61,"column":49}}],"line":61},"2":{"loc":{"start":{"line":68,"column":8},"end":{"line":68,"column":null}},"type":"if","locations":[{"start":{"line":68,"column":8},"end":{"line":68,"column":null}},{"start":{},"end":{}}],"line":68},"3":{"loc":{"start":{"line":70,"column":24},"end":{"line":70,"column":null}},"type":"binary-expr","locations":[{"start":{"line":70,"column":24},"end":{"line":70,"column":46}},{"start":{"line":70,"column":46},"end":{"line":70,"column":null}}],"line":70},"4":{"loc":{"start":{"line":72,"column":10},"end":{"line":74,"column":null}},"type":"if","locations":[{"start":{"line":72,"column":10},"end":{"line":74,"column":null}},{"start":{},"end":{}}],"line":72},"5":{"loc":{"start":{"line":72,"column":14},"end":{"line":72,"column":75}},"type":"binary-expr","locations":[{"start":{"line":72,"column":14},"end":{"line":72,"column":40}},{"start":{"line":72,"column":40},"end":{"line":72,"column":51}},{"start":{"line":72,"column":51},"end":{"line":72,"column":75}}],"line":72},"6":{"loc":{"start":{"line":75,"column":10},"end":{"line":81,"column":null}},"type":"if","locations":[{"start":{"line":75,"column":10},"end":{"line":81,"column":null}},{"start":{},"end":{}}],"line":75},"7":{"loc":{"start":{"line":76,"column":12},"end":{"line":79,"column":null}},"type":"if","locations":[{"start":{"line":76,"column":12},"end":{"line":79,"column":null}},{"start":{},"end":{}}],"line":76},"8":{"loc":{"start":{"line":78,"column":23},"end":{"line":78,"column":null}},"type":"cond-expr","locations":[{"start":{"line":78,"column":44},"end":{"line":78,"column":49}},{"start":{"line":78,"column":49},"end":{"line":78,"column":null}}],"line":78},"9":{"loc":{"start":{"line":86,"column":4},"end":{"line":90,"column":null}},"type":"if","locations":[{"start":{"line":86,"column":4},"end":{"line":90,"column":null}},{"start":{},"end":{}}],"line":86},"10":{"loc":{"start":{"line":97,"column":2},"end":{"line":97,"column":null}},"type":"if","locations":[{"start":{"line":97,"column":2},"end":{"line":97,"column":null}},{"start":{},"end":{}}],"line":97},"11":{"loc":{"start":{"line":97,"column":6},"end":{"line":97,"column":57}},"type":"binary-expr","locations":[{"start":{"line":97,"column":6},"end":{"line":97,"column":27}},{"start":{"line":97,"column":27},"end":{"line":97,"column":38}},{"start":{"line":97,"column":38},"end":{"line":97,"column":57}}],"line":97},"12":{"loc":{"start":{"line":99,"column":2},"end":{"line":99,"column":null}},"type":"if","locations":[{"start":{"line":99,"column":2},"end":{"line":99,"column":null}},{"start":{},"end":{}}],"line":99},"13":{"loc":{"start":{"line":99,"column":6},"end":{"line":99,"column":41}},"type":"binary-expr","locations":[{"start":{"line":99,"column":6},"end":{"line":99,"column":22}},{"start":{"line":99,"column":22},"end":{"line":99,"column":41}}],"line":99},"14":{"loc":{"start":{"line":101,"column":9},"end":{"line":101,"column":null}},"type":"binary-expr","locations":[{"start":{"line":101,"column":9},"end":{"line":101,"column":16}},{"start":{"line":101,"column":16},"end":{"line":101,"column":null}}],"line":101},"15":{"loc":{"start":{"line":105,"column":2},"end":{"line":105,"column":null}},"type":"if","locations":[{"start":{"line":105,"column":2},"end":{"line":105,"column":null}},{"start":{},"end":{}}],"line":105},"16":{"loc":{"start":{"line":109,"column":2},"end":{"line":109,"column":null}},"type":"if","locations":[{"start":{"line":109,"column":2},"end":{"line":109,"column":null}},{"start":{},"end":{}}],"line":109},"17":{"loc":{"start":{"line":111,"column":2},"end":{"line":111,"column":null}},"type":"if","locations":[{"start":{"line":111,"column":2},"end":{"line":111,"column":null}},{"start":{},"end":{}}],"line":111},"18":{"loc":{"start":{"line":118,"column":2},"end":{"line":120,"column":null}},"type":"if","locations":[{"start":{"line":118,"column":2},"end":{"line":120,"column":null}},{"start":{},"end":{}}],"line":118},"19":{"loc":{"start":{"line":118,"column":6},"end":{"line":118,"column":70}},"type":"binary-expr","locations":[{"start":{"line":118,"column":6},"end":{"line":118,"column":38}},{"start":{"line":118,"column":38},"end":{"line":118,"column":70}}],"line":118},"20":{"loc":{"start":{"line":126,"column":4},"end":{"line":126,"column":null}},"type":"if","locations":[{"start":{"line":126,"column":4},"end":{"line":126,"column":null}},{"start":{},"end":{}}],"line":126},"21":{"loc":{"start":{"line":134,"column":4},"end":{"line":134,"column":null}},"type":"if","locations":[{"start":{"line":134,"column":4},"end":{"line":134,"column":null}},{"start":{},"end":{}}],"line":134},"22":{"loc":{"start":{"line":134,"column":8},"end":{"line":134,"column":71}},"type":"binary-expr","locations":[{"start":{"line":134,"column":8},"end":{"line":134,"column":19}},{"start":{"line":134,"column":19},"end":{"line":134,"column":32}},{"start":{"line":134,"column":32},"end":{"line":134,"column":55}},{"start":{"line":134,"column":55},"end":{"line":134,"column":71}}],"line":134},"23":{"loc":{"start":{"line":162,"column":2},"end":{"line":164,"column":null}},"type":"if","locations":[{"start":{"line":162,"column":2},"end":{"line":164,"column":null}},{"start":{},"end":{}}],"line":162},"24":{"loc":{"start":{"line":162,"column":6},"end":{"line":162,"column":70}},"type":"binary-expr","locations":[{"start":{"line":162,"column":6},"end":{"line":162,"column":28}},{"start":{"line":162,"column":28},"end":{"line":162,"column":50}},{"start":{"line":162,"column":50},"end":{"line":162,"column":70}}],"line":162},"25":{"loc":{"start":{"line":169,"column":2},"end":{"line":171,"column":null}},"type":"if","locations":[{"start":{"line":169,"column":2},"end":{"line":171,"column":null}},{"start":{},"end":{}}],"line":169},"26":{"loc":{"start":{"line":174,"column":2},"end":{"line":176,"column":null}},"type":"if","locations":[{"start":{"line":174,"column":2},"end":{"line":176,"column":null}},{"start":{},"end":{}}],"line":174},"27":{"loc":{"start":{"line":185,"column":2},"end":{"line":185,"column":null}},"type":"if","locations":[{"start":{"line":185,"column":2},"end":{"line":185,"column":null}},{"start":{},"end":{}}],"line":185},"28":{"loc":{"start":{"line":199,"column":4},"end":{"line":217,"column":null}},"type":"if","locations":[{"start":{"line":199,"column":4},"end":{"line":217,"column":null}},{"start":{"line":208,"column":11},"end":{"line":217,"column":null}}],"line":199},"29":{"loc":{"start":{"line":200,"column":6},"end":{"line":207,"column":null}},"type":"if","locations":[{"start":{"line":200,"column":6},"end":{"line":207,"column":null}},{"start":{"line":203,"column":6},"end":{"line":207,"column":null}}],"line":200},"30":{"loc":{"start":{"line":200,"column":10},"end":{"line":200,"column":45}},"type":"binary-expr","locations":[{"start":{"line":200,"column":10},"end":{"line":200,"column":24}},{"start":{"line":200,"column":24},"end":{"line":200,"column":45}}],"line":200},"31":{"loc":{"start":{"line":203,"column":6},"end":{"line":207,"column":null}},"type":"if","locations":[{"start":{"line":203,"column":6},"end":{"line":207,"column":null}},{"start":{"line":205,"column":13},"end":{"line":207,"column":null}}],"line":203},"32":{"loc":{"start":{"line":209,"column":6},"end":{"line":216,"column":null}},"type":"if","locations":[{"start":{"line":209,"column":6},"end":{"line":216,"column":null}},{"start":{"line":211,"column":6},"end":{"line":216,"column":null}}],"line":209},"33":{"loc":{"start":{"line":211,"column":6},"end":{"line":216,"column":null}},"type":"if","locations":[{"start":{"line":211,"column":6},"end":{"line":216,"column":null}},{"start":{"line":214,"column":13},"end":{"line":216,"column":null}}],"line":211},"34":{"loc":{"start":{"line":259,"column":2},"end":{"line":259,"column":null}},"type":"if","locations":[{"start":{"line":259,"column":2},"end":{"line":259,"column":null}},{"start":{},"end":{}}],"line":259},"35":{"loc":{"start":{"line":259,"column":6},"end":{"line":259,"column":45}},"type":"binary-expr","locations":[{"start":{"line":259,"column":6},"end":{"line":259,"column":24}},{"start":{"line":259,"column":24},"end":{"line":259,"column":45}}],"line":259},"36":{"loc":{"start":{"line":260,"column":2},"end":{"line":263,"column":null}},"type":"if","locations":[{"start":{"line":260,"column":2},"end":{"line":263,"column":null}},{"start":{},"end":{}}],"line":260},"37":{"loc":{"start":{"line":260,"column":6},"end":{"line":260,"column":92}},"type":"binary-expr","locations":[{"start":{"line":260,"column":6},"end":{"line":260,"column":35}},{"start":{"line":260,"column":35},"end":{"line":260,"column":64}},{"start":{"line":260,"column":64},"end":{"line":260,"column":92}}],"line":260},"38":{"loc":{"start":{"line":262,"column":11},"end":{"line":262,"column":null}},"type":"binary-expr","locations":[{"start":{"line":262,"column":11},"end":{"line":262,"column":19}},{"start":{"line":262,"column":19},"end":{"line":262,"column":null}}],"line":262},"39":{"loc":{"start":{"line":264,"column":2},"end":{"line":264,"column":null}},"type":"if","locations":[{"start":{"line":264,"column":2},"end":{"line":264,"column":null}},{"start":{},"end":{}}],"line":264},"40":{"loc":{"start":{"line":269,"column":4},"end":{"line":272,"column":null}},"type":"if","locations":[{"start":{"line":269,"column":4},"end":{"line":272,"column":null}},{"start":{},"end":{}}],"line":269},"41":{"loc":{"start":{"line":271,"column":6},"end":{"line":271,"column":null}},"type":"if","locations":[{"start":{"line":271,"column":6},"end":{"line":271,"column":null}},{"start":{},"end":{}}],"line":271},"42":{"loc":{"start":{"line":288,"column":4},"end":{"line":290,"column":null}},"type":"if","locations":[{"start":{"line":288,"column":4},"end":{"line":290,"column":null}},{"start":{},"end":{}}],"line":288},"43":{"loc":{"start":{"line":295,"column":6},"end":{"line":301,"column":null}},"type":"if","locations":[{"start":{"line":295,"column":6},"end":{"line":301,"column":null}},{"start":{"line":297,"column":6},"end":{"line":301,"column":null}}],"line":295},"44":{"loc":{"start":{"line":297,"column":6},"end":{"line":301,"column":null}},"type":"if","locations":[{"start":{"line":297,"column":6},"end":{"line":301,"column":null}},{"start":{"line":299,"column":6},"end":{"line":301,"column":null}}],"line":297},"45":{"loc":{"start":{"line":299,"column":6},"end":{"line":301,"column":null}},"type":"if","locations":[{"start":{"line":299,"column":6},"end":{"line":301,"column":null}},{"start":{},"end":{}}],"line":299},"46":{"loc":{"start":{"line":303,"column":6},"end":{"line":309,"column":null}},"type":"if","locations":[{"start":{"line":303,"column":6},"end":{"line":309,"column":null}},{"start":{},"end":{}}],"line":303},"47":{"loc":{"start":{"line":305,"column":8},"end":{"line":308,"column":null}},"type":"if","locations":[{"start":{"line":305,"column":8},"end":{"line":308,"column":null}},{"start":{},"end":{}}],"line":305},"48":{"loc":{"start":{"line":318,"column":2},"end":{"line":318,"column":null}},"type":"if","locations":[{"start":{"line":318,"column":2},"end":{"line":318,"column":null}},{"start":{},"end":{}}],"line":318},"49":{"loc":{"start":{"line":323,"column":2},"end":{"line":323,"column":null}},"type":"if","locations":[{"start":{"line":323,"column":2},"end":{"line":323,"column":null}},{"start":{},"end":{}}],"line":323},"50":{"loc":{"start":{"line":323,"column":6},"end":{"line":323,"column":40}},"type":"binary-expr","locations":[{"start":{"line":323,"column":6},"end":{"line":323,"column":18}},{"start":{"line":323,"column":18},"end":{"line":323,"column":30}},{"start":{"line":323,"column":30},"end":{"line":323,"column":40}}],"line":323},"51":{"loc":{"start":{"line":349,"column":4},"end":{"line":349,"column":null}},"type":"if","locations":[{"start":{"line":349,"column":4},"end":{"line":349,"column":null}},{"start":{},"end":{}}],"line":349},"52":{"loc":{"start":{"line":350,"column":4},"end":{"line":353,"column":null}},"type":"if","locations":[{"start":{"line":350,"column":4},"end":{"line":353,"column":null}},{"start":{},"end":{}}],"line":350},"53":{"loc":{"start":{"line":354,"column":4},"end":{"line":354,"column":null}},"type":"if","locations":[{"start":{"line":354,"column":4},"end":{"line":354,"column":null}},{"start":{},"end":{}}],"line":354},"54":{"loc":{"start":{"line":358,"column":4},"end":{"line":358,"column":null}},"type":"if","locations":[{"start":{"line":358,"column":4},"end":{"line":358,"column":null}},{"start":{},"end":{}}],"line":358},"55":{"loc":{"start":{"line":369,"column":29},"end":{"line":369,"column":48}},"type":"binary-expr","locations":[{"start":{"line":369,"column":29},"end":{"line":369,"column":44}},{"start":{"line":369,"column":44},"end":{"line":369,"column":48}}],"line":369},"56":{"loc":{"start":{"line":369,"column":48},"end":{"line":369,"column":67}},"type":"binary-expr","locations":[{"start":{"line":369,"column":48},"end":{"line":369,"column":63}},{"start":{"line":369,"column":63},"end":{"line":369,"column":67}}],"line":369},"57":{"loc":{"start":{"line":369,"column":67},"end":{"line":369,"column":86}},"type":"binary-expr","locations":[{"start":{"line":369,"column":67},"end":{"line":369,"column":82}},{"start":{"line":369,"column":82},"end":{"line":369,"column":86}}],"line":369},"58":{"loc":{"start":{"line":369,"column":86},"end":{"line":369,"column":114}},"type":"binary-expr","locations":[{"start":{"line":369,"column":86},"end":{"line":369,"column":112}},{"start":{"line":369,"column":112},"end":{"line":369,"column":114}}],"line":369},"59":{"loc":{"start":{"line":370,"column":4},"end":{"line":372,"column":null}},"type":"if","locations":[{"start":{"line":370,"column":4},"end":{"line":372,"column":null}},{"start":{},"end":{}}],"line":370},"60":{"loc":{"start":{"line":392,"column":4},"end":{"line":392,"column":null}},"type":"if","locations":[{"start":{"line":392,"column":4},"end":{"line":392,"column":null}},{"start":{},"end":{}}],"line":392},"61":{"loc":{"start":{"line":395,"column":4},"end":{"line":395,"column":null}},"type":"if","locations":[{"start":{"line":395,"column":4},"end":{"line":395,"column":null}},{"start":{},"end":{}}],"line":395},"62":{"loc":{"start":{"line":398,"column":4},"end":{"line":401,"column":null}},"type":"if","locations":[{"start":{"line":398,"column":4},"end":{"line":401,"column":null}},{"start":{},"end":{}}],"line":398},"63":{"loc":{"start":{"line":403,"column":4},"end":{"line":406,"column":null}},"type":"if","locations":[{"start":{"line":403,"column":4},"end":{"line":406,"column":null}},{"start":{},"end":{}}],"line":403},"64":{"loc":{"start":{"line":412,"column":6},"end":{"line":419,"column":null}},"type":"if","locations":[{"start":{"line":412,"column":6},"end":{"line":419,"column":null}},{"start":{"line":414,"column":6},"end":{"line":419,"column":null}}],"line":412},"65":{"loc":{"start":{"line":414,"column":6},"end":{"line":419,"column":null}},"type":"if","locations":[{"start":{"line":414,"column":6},"end":{"line":419,"column":null}},{"start":{"line":416,"column":6},"end":{"line":419,"column":null}}],"line":414},"66":{"loc":{"start":{"line":416,"column":6},"end":{"line":419,"column":null}},"type":"if","locations":[{"start":{"line":416,"column":6},"end":{"line":419,"column":null}},{"start":{},"end":{}}],"line":416},"67":{"loc":{"start":{"line":421,"column":76},"end":{"line":421,"column":117}},"type":"cond-expr","locations":[{"start":{"line":421,"column":99},"end":{"line":421,"column":113}},{"start":{"line":421,"column":113},"end":{"line":421,"column":117}}],"line":421},"68":{"loc":{"start":{"line":425,"column":4},"end":{"line":427,"column":null}},"type":"if","locations":[{"start":{"line":425,"column":4},"end":{"line":427,"column":null}},{"start":{},"end":{}}],"line":425},"69":{"loc":{"start":{"line":432,"column":29},"end":{"line":432,"column":48}},"type":"binary-expr","locations":[{"start":{"line":432,"column":29},"end":{"line":432,"column":44}},{"start":{"line":432,"column":44},"end":{"line":432,"column":48}}],"line":432},"70":{"loc":{"start":{"line":432,"column":48},"end":{"line":432,"column":67}},"type":"binary-expr","locations":[{"start":{"line":432,"column":48},"end":{"line":432,"column":63}},{"start":{"line":432,"column":63},"end":{"line":432,"column":67}}],"line":432},"71":{"loc":{"start":{"line":432,"column":67},"end":{"line":432,"column":86}},"type":"binary-expr","locations":[{"start":{"line":432,"column":67},"end":{"line":432,"column":82}},{"start":{"line":432,"column":82},"end":{"line":432,"column":86}}],"line":432},"72":{"loc":{"start":{"line":432,"column":86},"end":{"line":432,"column":114}},"type":"binary-expr","locations":[{"start":{"line":432,"column":86},"end":{"line":432,"column":112}},{"start":{"line":432,"column":112},"end":{"line":432,"column":114}}],"line":432},"73":{"loc":{"start":{"line":433,"column":4},"end":{"line":435,"column":null}},"type":"if","locations":[{"start":{"line":433,"column":4},"end":{"line":435,"column":null}},{"start":{},"end":{}}],"line":433},"74":{"loc":{"start":{"line":442,"column":2},"end":{"line":444,"column":null}},"type":"if","locations":[{"start":{"line":442,"column":2},"end":{"line":444,"column":null}},{"start":{},"end":{}}],"line":442},"75":{"loc":{"start":{"line":449,"column":4},"end":{"line":449,"column":null}},"type":"if","locations":[{"start":{"line":449,"column":4},"end":{"line":449,"column":null}},{"start":{},"end":{}}],"line":449},"76":{"loc":{"start":{"line":452,"column":4},"end":{"line":452,"column":null}},"type":"if","locations":[{"start":{"line":452,"column":4},"end":{"line":452,"column":null}},{"start":{},"end":{}}],"line":452},"77":{"loc":{"start":{"line":459,"column":4},"end":{"line":459,"column":null}},"type":"if","locations":[{"start":{"line":459,"column":4},"end":{"line":459,"column":null}},{"start":{},"end":{}}],"line":459},"78":{"loc":{"start":{"line":459,"column":8},"end":{"line":459,"column":42}},"type":"binary-expr","locations":[{"start":{"line":459,"column":8},"end":{"line":459,"column":20}},{"start":{"line":459,"column":20},"end":{"line":459,"column":32}},{"start":{"line":459,"column":32},"end":{"line":459,"column":42}}],"line":459},"79":{"loc":{"start":{"line":482,"column":4},"end":{"line":482,"column":null}},"type":"if","locations":[{"start":{"line":482,"column":4},"end":{"line":482,"column":null}},{"start":{},"end":{}}],"line":482},"80":{"loc":{"start":{"line":484,"column":42},"end":{"line":484,"column":49}},"type":"binary-expr","locations":[{"start":{"line":484,"column":42},"end":{"line":484,"column":47}},{"start":{"line":484,"column":47},"end":{"line":484,"column":49}}],"line":484},"81":{"loc":{"start":{"line":491,"column":8},"end":{"line":491,"column":null}},"type":"if","locations":[{"start":{"line":491,"column":8},"end":{"line":491,"column":null}},{"start":{},"end":{}}],"line":491},"82":{"loc":{"start":{"line":493,"column":10},"end":{"line":499,"column":null}},"type":"if","locations":[{"start":{"line":493,"column":10},"end":{"line":499,"column":null}},{"start":{},"end":{}}],"line":493},"83":{"loc":{"start":{"line":493,"column":14},"end":{"line":493,"column":62}},"type":"binary-expr","locations":[{"start":{"line":493,"column":14},"end":{"line":493,"column":36}},{"start":{"line":493,"column":36},"end":{"line":493,"column":62}}],"line":493},"84":{"loc":{"start":{"line":494,"column":12},"end":{"line":497,"column":null}},"type":"if","locations":[{"start":{"line":494,"column":12},"end":{"line":497,"column":null}},{"start":{},"end":{}}],"line":494},"85":{"loc":{"start":{"line":496,"column":23},"end":{"line":496,"column":null}},"type":"cond-expr","locations":[{"start":{"line":496,"column":44},"end":{"line":496,"column":49}},{"start":{"line":496,"column":49},"end":{"line":496,"column":null}}],"line":496},"86":{"loc":{"start":{"line":504,"column":4},"end":{"line":508,"column":null}},"type":"if","locations":[{"start":{"line":504,"column":4},"end":{"line":508,"column":null}},{"start":{},"end":{}}],"line":504},"87":{"loc":{"start":{"line":523,"column":16},"end":{"line":525,"column":null}},"type":"binary-expr","locations":[{"start":{"line":523,"column":16},"end":{"line":523,"column":null}},{"start":{"line":524,"column":7},"end":{"line":524,"column":null}},{"start":{"line":525,"column":7},"end":{"line":525,"column":null}}],"line":523},"88":{"loc":{"start":{"line":526,"column":2},"end":{"line":529,"column":null}},"type":"if","locations":[{"start":{"line":526,"column":2},"end":{"line":529,"column":null}},{"start":{},"end":{}}],"line":526}},"s":{"0":1,"1":0,"2":0,"3":0,"4":0,"5":0,"6":0,"7":0,"8":0,"9":0,"10":0,"11":0,"12":0,"13":0,"14":0,"15":0,"16":0,"17":0,"18":0,"19":0,"20":0,"21":0,"22":0,"23":0,"24":0,"25":0,"26":0,"27":0,"28":0,"29":0,"30":0,"31":0,"32":0,"33":0,"34":0,"35":0,"36":0,"37":0,"38":0,"39":0,"40":0,"41":0,"42":0,"43":0,"44":0,"45":0,"46":0,"47":0,"48":0,"49":0,"50":0,"51":0,"52":0,"53":0,"54":0,"55":0,"56":0,"57":0,"58":0,"59":0,"60":0,"61":0,"62":0,"63":0,"64":0,"65":0,"66":0,"67":0,"68":0,"69":0,"70":0,"71":0,"72":0,"73":0,"74":0,"75":0,"76":0,"77":0,"78":0,"79":0,"80":0,"81":0,"82":0,"83":0,"84":0,"85":0,"86":0,"87":0,"88":0,"89":0,"90":0,"91":0,"92":0,"93":0,"94":0,"95":0,"96":0,"97":0,"98":0,"99":0,"100":0,"101":1,"102":1,"103":0,"104":0,"105":0,"106":0,"107":0,"108":0,"109":0,"110":0,"111":0,"112":0,"113":0,"114":0,"115":0,"116":0,"117":0,"118":0,"119":0,"120":0,"121":0,"122":0,"123":0,"124":0,"125":0,"126":0,"127":0,"128":0,"129":0,"130":0,"131":0,"132":0,"133":0,"134":0,"135":0,"136":0,"137":0,"138":0,"139":0,"140":0,"141":0,"142":0,"143":0,"144":0,"145":0,"146":0,"147":0,"148":0,"149":0,"150":0,"151":0,"152":0,"153":0,"154":0,"155":0,"156":0,"157":0,"158":0,"159":0,"160":0,"161":0,"162":0,"163":0,"164":0,"165":0,"166":0,"167":0,"168":0,"169":0,"170":0,"171":0,"172":0,"173":0,"174":0,"175":0,"176":0,"177":0,"178":0,"179":0,"180":1,"181":1,"182":0,"183":0,"184":0,"185":0,"186":0,"187":0,"188":0,"189":0,"190":0,"191":0,"192":0,"193":0,"194":0,"195":0,"196":0,"197":0,"198":0,"199":0,"200":0,"201":0,"202":0,"203":0,"204":0,"205":0,"206":0,"207":0,"208":0,"209":0,"210":0,"211":0,"212":0,"213":0,"214":0,"215":0,"216":0,"217":0,"218":0,"219":0,"220":0,"221":0,"222":0,"223":0,"224":0,"225":0,"226":0,"227":0,"228":0,"229":0,"230":0,"231":0,"232":0,"233":0,"234":0,"235":0,"236":0,"237":0,"238":0,"239":0,"240":0,"241":0,"242":0,"243":0,"244":0,"245":0,"246":0,"247":0,"248":0,"249":0,"250":0,"251":0,"252":0,"253":0,"254":0,"255":0,"256":0,"257":0,"258":0,"259":0,"260":0,"261":0,"262":0,"263":0,"264":0,"265":0,"266":0,"267":0,"268":0,"269":0,"270":0,"271":0,"272":0,"273":0,"274":0,"275":0},"f":{"0":0,"1":0,"2":0,"3":0,"4":0,"5":0,"6":0,"7":0,"8":0,"9":0,"10":0,"11":0,"12":0,"13":0,"14":0,"15":0,"16":0,"17":0,"18":0,"19":0,"20":0,"21":0,"22":0,"23":0,"24":0},"b":{"0":[0,0],"1":[0,0],"2":[0,0],"3":[0,0],"4":[0,0],"5":[0,0,0],"6":[0,0],"7":[0,0],"8":[0,0],"9":[0,0],"10":[0,0],"11":[0,0,0],"12":[0,0],"13":[0,0],"14":[0,0],"15":[0,0],"16":[0,0],"17":[0,0],"18":[0,0],"19":[0,0],"20":[0,0],"21":[0,0],"22":[0,0,0,0],"23":[0,0],"24":[0,0,0],"25":[0,0],"26":[0,0],"27":[0,0],"28":[0,0],"29":[0,0],"30":[0,0],"31":[0,0],"32":[0,0],"33":[0,0],"34":[0,0],"35":[0,0],"36":[0,0],"37":[0,0,0],"38":[0,0],"39":[0,0],"40":[0,0],"41":[0,0],"42":[0,0],"43":[0,0],"44":[0,0],"45":[0,0],"46":[0,0],"47":[0,0],"48":[0,0],"49":[0,0],"50":[0,0,0],"51":[0,0],"52":[0,0],"53":[0,0],"54":[0,0],"55":[0,0],"56":[0,0],"57":[0,0],"58":[0,0],"59":[0,0],"60":[0,0],"61":[0,0],"62":[0,0],"63":[0,0],"64":[0,0],"65":[0,0],"66":[0,0],"67":[0,0],"68":[0,0],"69":[0,0],"70":[0,0],"71":[0,0],"72":[0,0],"73":[0,0],"74":[0,0],"75":[0,0],"76":[0,0],"77":[0,0],"78":[0,0,0],"79":[0,0],"80":[0,0],"81":[0,0],"82":[0,0],"83":[0,0],"84":[0,0],"85":[0,0],"86":[0,0],"87":[0,0,0],"88":[0,0]},"meta":{"lastBranch":89,"lastFunction":25,"lastStatement":276,"seen":{"s:37:55:49:Infinity":0,"f:51:9:51:29":0,"s:52:16:52:Infinity":1,"s:53:18:53:Infinity":2,"s:54:44:54:Infinity":3,"s:56:20:56:Infinity":4,"s:57:2:91:Infinity":5,"s:57:15:57:18":6,"s:58:16:58:Infinity":7,"b:59:4:59:Infinity:undefined:undefined:undefined:undefined":0,"s:59:4:59:Infinity":8,"s:59:14:59:Infinity":9,"s:61:20:61:Infinity":10,"f:61:28:61:29":1,"s:61:35:61:75":11,"b:61:42:61:47:61:47:61:49":1,"s:62:44:62:Infinity":12,"s:63:16:63:Infinity":13,"s:65:4:84:Infinity":14,"s:66:6:83:Infinity":15,"s:66:24:66:27":16,"s:67:23:67:Infinity":17,"b:68:8:68:Infinity:undefined:undefined:undefined:undefined":2,"s:68:8:68:Infinity":18,"s:68:21:68:Infinity":19,"s:69:8:82:Infinity":20,"s:70:24:70:Infinity":21,"b:70:24:70:46:70:46:70:Infinity":3,"b:72:10:74:Infinity:undefined:undefined:undefined:undefined":4,"s:72:10:74:Infinity":22,"b:72:14:72:40:72:40:72:51:72:51:72:75":5,"s:73:12:73:Infinity":23,"b:75:10:81:Infinity:undefined:undefined:undefined:undefined":6,"s:75:10:81:Infinity":24,"b:76:12:79:Infinity:undefined:undefined:undefined:undefined":7,"s:76:12:79:Infinity":25,"s:77:14:77:Infinity":26,"s:78:14:78:Infinity":27,"b:78:44:78:49:78:49:78:Infinity":8,"s:80:12:80:Infinity":28,"b:86:4:90:Infinity:undefined:undefined:undefined:undefined":9,"s:86:4:90:Infinity":29,"s:87:6:87:Infinity":30,"s:88:6:88:Infinity":31,"s:89:6:89:Infinity":3
[...]
":{"line":35,"column":2},"end":{"line":35,"column":null}},{"start":{},"end":{}}],"line":35},"9":{"loc":{"start":{"line":36,"column":2},"end":{"line":36,"column":null}},"type":"if","locations":[{"start":{"line":36,"column":2},"end":{"line":36,"column":null}},{"start":{},"end":{}}],"line":36},"10":{"loc":{"start":{"line":37,"column":2},"end":{"line":37,"column":null}},"type":"if","locations":[{"start":{"line":37,"column":2},"end":{"line":37,"column":null}},{"start":{},"end":{}}],"line":37},"11":{"loc":{"start":{"line":38,"column":2},"end":{"line":38,"column":null}},"type":"if","locations":[{"start":{"line":38,"column":2},"end":{"line":38,"column":null}},{"start":{},"end":{}}],"line":38},"12":{"loc":{"start":{"line":39,"column":2},"end":{"line":39,"column":null}},"type":"if","locations":[{"start":{"line":39,"column":2},"end":{"line":39,"column":null}},{"start":{},"end":{}}],"line":39},"13":{"loc":{"start":{"line":40,"column":2},"end":{"line":40,"column":null}},"type":"if","locations":[{"start":{"line":40,"column":2},"end":{"line":40,"column":null}},{"start":{},"end":{}}],"line":40},"14":{"loc":{"start":{"line":41,"column":2},"end":{"line":41,"column":null}},"type":"if","locations":[{"start":{"line":41,"column":2},"end":{"line":41,"column":null}},{"start":{},"end":{}}],"line":41},"15":{"loc":{"start":{"line":49,"column":2},"end":{"line":53,"column":null}},"type":"if","locations":[{"start":{"line":49,"column":2},"end":{"line":53,"column":null}},{"start":{},"end":{}}],"line":49},"16":{"loc":{"start":{"line":56,"column":2},"end":{"line":63,"column":null}},"type":"if","locations":[{"start":{"line":56,"column":2},"end":{"line":63,"column":null}},{"start":{},"end":{}}],"line":56},"17":{"loc":{"start":{"line":60,"column":4},"end":{"line":62,"column":null}},"type":"if","locations":[{"start":{"line":60,"column":4},"end":{"line":62,"column":null}},{"start":{},"end":{}}],"line":60},"18":{"loc":{"start":{"line":60,"column":8},"end":{"line":60,"column":41}},"type":"binary-expr","locations":[{"start":{"line":60,"column":8},"end":{"line":60,"column":25}},{"start":{"line":60,"column":25},"end":{"line":60,"column":41}}],"line":60},"19":{"loc":{"start":{"line":73,"column":26},"end":{"line":73,"column":58}},"type":"binary-expr","locations":[{"start":{"line":73,"column":26},"end":{"line":73,"column":54}},{"start":{"line":73,"column":54},"end":{"line":73,"column":58}}],"line":73},"20":{"loc":{"start":{"line":77,"column":17},"end":{"line":77,"column":null}},"type":"binary-expr","locations":[{"start":{"line":77,"column":17},"end":{"line":77,"column":42}},{"start":{"line":77,"column":42},"end":{"line":77,"column":null}}],"line":77},"21":{"loc":{"start":{"line":78,"column":27},"end":{"line":78,"column":52}},"type":"binary-expr","locations":[{"start":{"line":78,"column":27},"end":{"line":78,"column":48}},{"start":{"line":78,"column":48},"end":{"line":78,"column":52}}],"line":78},"22":{"loc":{"start":{"line":80,"column":2},"end":{"line":84,"column":null}},"type":"if","locations":[{"start":{"line":80,"column":2},"end":{"line":84,"column":null}},{"start":{},"end":{}}],"line":80},"23":{"loc":{"start":{"line":80,"column":6},"end":{"line":80,"column":42}},"type":"binary-expr","locations":[{"start":{"line":80,"column":6},"end":{"line":80,"column":27}},{"start":{"line":80,"column":27},"end":{"line":80,"column":42}}],"line":80},"24":{"loc":{"start":{"line":82,"column":4},"end":{"line":82,"column":null}},"type":"if","locations":[{"start":{"line":82,"column":4},"end":{"line":82,"column":null}},{"start":{},"end":{}}],"line":82},"25":{"loc":{"start":{"line":83,"column":4},"end":{"line":83,"column":null}},"type":"if","locations":[{"start":{"line":83,"column":4},"end":{"line":83,"column":null}},{"start":{},"end":{}}],"line":83},"26":{"loc":{"start":{"line":86,"column":33},"end":{"line":88,"column":null}},"type":"cond-expr","locations":[{"start":{"line":87,"column":6},"end":{"line":87,"column":null}},{"start":{"line":88,"column":6},"end":{"line":88,"column":null}}],"line":86},"27":{"loc":{"start":{"line":86,"column":33},"end":{"line":86,"column":null}},"type":"binary-expr","locations":[{"start":{"line":86,"column":33},"end":{"line":86,"column":54}},{"start":{"line":86,"column":54},"end":{"line":86,"column":null}}],"line":86},"28":{"loc":{"start":{"line":87,"column":43},"end":{"line":87,"column":69}},"type":"cond-expr","locations":[{"start":{"line":87,"column":60},"end":{"line":87,"column":67}},{"start":{"line":87,"column":67},"end":{"line":87,"column":69}}],"line":87},"29":{"loc":{"start":{"line":110,"column":18},"end":{"line":110,"column":null}},"type":"binary-expr","locations":[{"start":{"line":110,"column":18},"end":{"line":110,"column":90}},{"start":{"line":110,"column":90},"end":{"line":110,"column":null}}],"line":110},"30":{"loc":{"start":{"line":111,"column":2},"end":{"line":111,"column":null}},"type":"if","locations":[{"start":{"line":111,"column":2},"end":{"line":111,"column":null}},{"start":{},"end":{}}],"line":111},"31":{"loc":{"start":{"line":114,"column":26},"end":{"line":114,"column":null}},"type":"binary-expr","locations":[{"start":{"line":114,"column":26},"end":{"line":114,"column":113}},{"start":{"line":114,"column":113},"end":{"line":114,"column":null}}],"line":114},"32":{"loc":{"start":{"line":115,"column":22},"end":{"line":115,"column":null}},"type":"binary-expr","locations":[{"start":{"line":115,"column":22},"end":{"line":115,"column":105}},{"start":{"line":115,"column":105},"end":{"line":115,"column":null}}],"line":115},"33":{"loc":{"start":{"line":117,"column":2},"end":{"line":117,"column":null}},"type":"if","locations":[{"start":{"line":117,"column":2},"end":{"line":117,"column":null}},{"start":{},"end":{}}],"line":117},"34":{"loc":{"start":{"line":117,"column":6},"end":{"line":117,"column":54}},"type":"binary-expr","locations":[{"start":{"line":117,"column":6},"end":{"line":117,"column":25}},{"start":{"line":117,"column":25},"end":{"line":117,"column":54}}],"line":117},"35":{"loc":{"start":{"line":118,"column":2},"end":{"line":118,"column":null}},"type":"if","locations":[{"start":{"line":118,"column":2},"end":{"line":118,"column":null}},{"start":{},"end":{}}],"line":118},"36":{"loc":{"start":{"line":118,"column":6},"end":{"line":118,"column":60}},"type":"binary-expr","locations":[{"start":{"line":118,"column":6},"end":{"line":118,"column":25}},{"start":{"line":118,"column":25},"end":{"line":118,"column":60}}],"line":118},"37":{"loc":{"start":{"line":119,"column":2},"end":{"line":119,"column":null}},"type":"if","locations":[{"start":{"line":119,"column":2},"end":{"line":119,"column":null}},{"start":{},"end":{}}],"line":119},"38":{"loc":{"start":{"line":119,"column":6},"end":{"line":119,"column":60}},"type":"binary-expr","locations":[{"start":{"line":119,"column":6},"end":{"line":119,"column":25}},{"start":{"line":119,"column":25},"end":{"line":119,"column":60}}],"line":119},"39":{"loc":{"start":{"line":120,"column":2},"end":{"line":120,"column":null}},"type":"if","locations":[{"start":{"line":120,"column":2},"end":{"line":120,"column":null}},{"start":{},"end":{}}],"line":120},"40":{"loc":{"start":{"line":120,"column":6},"end":{"line":120,"column":46}},"type":"binary-expr","locations":[{"start":{"line":120,"column":6},"end":{"line":120,"column":21}},{"start":{"line":120,"column":21},"end":{"line":120,"column":46}}],"line":120},"41":{"loc":{"start":{"line":121,"column":2},"end":{"line":121,"column":null}},"type":"if","locations":[{"start":{"line":121,"column":2},"end":{"line":121,"column":null}},{"start":{},"end":{}}],"line":121},"42":{"loc":{"start":{"line":121,"column":6},"end":{"line":121,"column":52}},"type":"binary-expr","locations":[{"start":{"line":121,"column":6},"end":{"line":121,"column":21}},{"start":{"line":121,"column":21},"end":{"line":121,"column":52}}],"line":121},"43":{"loc":{"start":{"line":122,"column":2},"end":{"line":122,"column":null}},"type":"if","locations":[{"start":{"line":122,"column":2},"end":{"line":122,"column":null}},{"start":{},"end":{}}],"line":122},"44":{"loc":{"start":{"line":122,"column":6},"end":{"line":122,"column":52}},"type":"binary-expr","locations":[{"start":{"line":122,"column":6},"end":{"line":122,"column":21}},{"start":{"line":122,"column":21},"end":{"line":122,"column":52}}],"line":122},"45":{"loc":{"start":{"line":125,"column":2},"end":{"line":125,"column":null}},"type":"if","locations":[{"start":{"line":125,"column":2},"end":{"line":125,"column":null}},{"start":{},"end":{}}],"line":125},"46":{"loc":{"start":{"line":125,"column":6},"end":{"line":125,"column":42}},"type":"binary-expr","locations":[{"start":{"line":125,"column":6},"end":{"line":125,"column":18}},{"start":{"line":125,"column":18},"end":{"line":125,"column":42}}],"line":125},"47":{"loc":{"start":{"line":126,"column":2},"end":{"line":126,"column":null}},"type":"if","locations":[{"start":{"line":126,"column":2},"end":{"line":126,"column":null}},{"start":{},"end":{}}],"line":126}},"s":{"0":0,"1":0,"2":0,"3":0,"4":0,"5":0,"6":0,"7":0,"8":0,"9":0,"10":0,"11":0,"12":0,"13":0,"14":0,"15":0,"16":0,"17":0,"18":0,"19":0,"20":0,"21":0,"22":0,"23":0,"24":0,"25":0,"26":0,"27":0,"28":0,"29":0,"30":0,"31":0,"32":0,"33":0,"34":0,"35":0,"36":0,"37":0,"38":0,"39":0,"40":0,"41":0,"42":0,"43":0,"44":0,"45":0,"46":0,"47":0,"48":0,"49":0,"50":0,"51":0,"52":0,"53":0,"54":0,"55":0,"56":0,"57":0,"58":0,"59":0,"60":0,"61":0,"62":0,"63":0,"64":0,"65":0,"66":0,"67":0,"68":0,"69":0,"70":0,"71":0,"72":0,"73":0,"74":0,"75":0,"76":0,"77":0,"78":0,"79":0,"80":0,"81":0,"82":0,"83":0,"84":0,"85":0,"86":0,"87":0,"88":0},"f":{"0":0,"1":0,"2":0,"3":0,"4":0,"5":0,"6":0},"b":{"0":[0,0],"1":[0,0],"2":[0,0],"3":[0,0],"4":[0,0],"5":[0,0],"6":[0,0],"7":[0,0],"8":[0,0],"9":[0,0],"10":[0,0],"11":[0,0],"12":[0,0],"13":[0,0],"14":[0,0],"15":[0,0],"16":[0,0],"17":[0,0],"18":[0,0],"19":[0,0],"20":[0,0],"21":[0,0],"22":[0,0],"23":[0,0],"24":[0,0],"25":[0,0],"26":[0,0],"27":[0,0],"28":[0,0],"29":[0,0],"30":[0,0],"31":[0,0],"32":[0,0],"33":[0,0],"34":[0,0],"35":[0,0],"36":[0,0],"37":[0,0],"38":[0,0],"39":[0,0],"40":[0,0],"41":[0,0],"42":[0,0],"43":[0,0],"44":[0,0],"45":[0,0],"46":[0,0],"47":[0,0]},"meta":{"lastBranch":48,"lastFunction":7,"lastStatement":89,"seen":{"f:13:9:13:24":0,"s:14:18:14:Infinity":0,"b:15:2:15:Infinity:undefined:undefined:undefined:undefined":0,"s:15:2:15:Infinity":1,"s:15:33:15:Infinity":2,"s:16:2:16:Infinity":3,"f:19:9:19:23":1,"b:20:2:20:Infinity:undefined:undefined:undefined:undefined":1,"s:20:2:20:Infinity":4,"s:20:12:20:Infinity":5,"s:21:21:21:Infinity":6,"b:22:2:22:Infinity:undefined:undefined:undefined:undefined":2,"s:22:2:22:Infinity":7,"s:22:19:22:Infinity":8,"b:24:2:24:Infinity:undefined:undefined:undefined:undefined":3,"s:24:2:24:Infinity":9,"s:24:51:24:Infinity":10,"b:25:2:25:Infinity:undefined:undefined:undefined:undefined":4,"s:25:2:25:Infinity":11,"s:25:34:25:Infinity":12,"b:26:2:26:Infinity:undefined:undefined:undefined:undefined":5,"s:26:2:26:Infinity":13,"s:26:37:26:Infinity":14,"b:27:2:27:Infinity:undefined:undefined:undefined:undefined":6,"s:27:2:27:Infinity":15,"s:27:64:27:Infinity":16,"s:29:16:29:Infinity":17,"b:30:2:30:Infinity:undefined:undefined:undefined:undefined":7,"s:30:2:30:Infinity":18,"s:30:14:30:Infinity":19,"s:31:2:31:Infinity":20,"f:34:9:34:27":2,"b:35:2:35:Infinity:undefined:undefined:undefined:undefined":8,"s:35:2:35:Infinity":21,"s:35:15:35:Infinity":22,"b:36:2:36:Infinity:undefined:undefined:undefined:undefined":9,"s:36:2:36:Infinity":23,"s:36:32:36:Infinity":24,"b:37:2:37:Infinity:undefined:undefined:undefined:undefined":10,"s:37:2:37:Infinity":25,"s:37:41:37:Infinity":26,"b:38:2:38:Infinity:undefined:undefined:undefined:undefined":11,"s:38:2:38:Infinity":27,"s:38:50:38:Infinity":28,"b:39:2:39:Infinity:undefined:undefined:undefined:undefined":12,"s:39:2:39:Infinity":29,"s:39:38:39:Infinity":30,"b:40:2:40:Infinity:undefined:undefined:undefined:undefined":13,"s:40:2:40:Infinity":31,"s:40:48:40:Infinity":32,"b:41:2:41:Infinity:undefined:undefined:undefined:undefined":14,"s:41:2:41:Infinity":33,"s:41:19:41:Infinity":34,"s:42:2:42:Infinity":35,"f:45:9:45:45":3,"s:46:21:46:Infinity":36,"s:48:17:48:Infinity":37,"b:49:2:53:Infinity:undefined:undefined:undefined:undefined":15,"s:49:2:53:Infinity":38,"s:50:10:50:Infinity":39,"s:51:17:51:Infinity":40,"s:52:4:52:Infinity":41,"s:55:21:55:Infinity":42,"b:56:2:63:Infinity:undefined:undefined:undefined:undefined":16,"s:56:2:63:Infinity":43,"s:57:10:57:Infinity":44,"s:58:10:58:Infinity":45,"s:59:17:59:Infinity":46,"b:60:4:62:Infinity:undefined:undefined:undefined:undefined":17,"s:60:4:62:Infinity":47,"b:60:8:60:25:60:25:60:41":18,"s:61:6:61:Infinity":48,"s:65:2:65:Infinity":49,"f:68:16:68:37":4,"s:73:8:73:Infinity":50,"b:73:26:73:54:73:54:73:58":19,"s:74:25:74:Infinity":51,"s:75:22:75:Infinity":52,"s:77:17:77:Infinity":53,"b:77:17:77:42:77:42:77:Infinity":20,"s:78:13:78:Infinity":54,"b:78:27:78:48:78:48:78:52":21,"b:80:2:84:Infinity:undefined:undefined:undefined:undefined":22,"s:80:2:84:Infinity":55,"b:80:6:80:27:80:27:80:42":23,"s:81:19:81:Infinity":56,"b:82:4:82:Infinity:undefined:undefined:undefined:undefined":24,"s:82:4:82:Infinity":57,"s:82:27:82:Infinity":58,"b:83:4:83:Infinity:undefined:undefined:undefined:undefined":25,"s:83:4:83:Infinity":59,"s:83:23:83:Infinity":60,"s:86:33:88:Infinity":61,"b:87:6:87:Infinity:88:6:88:Infinity":26,"b:86:33:86:54:86:54:86:Infinity":27,"b:87:60:87:67:87:67:87:69":28,"s:90:2:96:Infinity":62,"f:99:9:99:28":5,"s:100:21:100:Infinity":63,"s:101:2:101:Infinity":64,"f:104:16:104:34":6,"s:110:18:110:Infinity":65,"b:110:18:110:90:110:90:110:Infinity":29,"b:111:2:111:Infinity:undefined:undefined:undefined:undefined":30,"s:111:2:111:Infinity":66,"s:111:16:111:Infinity":67,"s:113:14:113:Infinity":68,"s:114:26:114:Infinity":69,"b:114:26:114:113:114:113:114:Infinity":31,"s:115:22:115:Infinity":70,"b:115:22:115:105:115:105:115:Infinity":32,"b:117:2:117:Infinity:undefined:undefined:undefined:undefined":33,"s:117:2:117:Infinity":71,"b:117:6:117:25:117:25:117:54":34,"s:117:54:117:Infinity":72,"b:118:2:118:Infinity:undefined:undefined:undefined:undefined":35,"s:118:2:118:Infinity":73,"b:118:6:118:25:118:25:118:60":36,"s:118:60:118:Infinity":74,"b:119:2:119:Infinity:undefined:undefined:undefined:undefined":37,"s:119:2:119:Infinity":75,"b:119:6:119:25:119:25:119:60":38,"s:119:60:119:Infinity":76,"b:120:2:120:Infinity:undefined:undefined:undefined:undefined":39,"s:120:2:120:Infinity":77,"b:120:6:120:21:120:21:120:46":40,"s:120:46:120:Infinity":78,"b:121:2:121:Infinity:undefined:undefined:undefined:undefined":41,"s:121:2:121:Infinity":79,"b:121:6:121:21:121:21:121:52":42,"s:121:52:121:Infinity":80,"b:122:2:122:Infinity:undefined:undefined:undefined:undefined":43,"s:122:2:122:Infinity":81,"b:122:6:122:21:122:21:122:52":44,"s:122:52:122:Infinity":82,"s:124:19:124:Infinity":83,"b:125:2:125:Infinity:undefined:undefined:undefined:undefined":45,"s:125:2:125:Infinity":84,"b:125:6:125:18:125:18:125:42":46,"s:125:42:125:Infinity":85,"b:126:2:126:Infinity:undefined:undefined:undefined:undefined":47,"s:126:2:126:Infinity":86,"s:126:43:126:Infinity":87,"s:128:2:128:Infinity":88}}}
,"/Users/yusuke/DeadStockSolution/server/src/utils/string-utils.ts": {"path":"/Users/yusuke/DeadStockSolution/server/src/utils/string-utils.ts","statementMap":{"0":{"start":{"line":3,"column":19},"end":{"line":3,"column":null}},"1":{"start":{"line":5,"column":2},"end":{"line":5,"column":null}},"2":{"start":{"line":7,"column":2},"end":{"line":7,"column":null}},"3":{"start":{"line":8,"column":2},"end":{"line":8,"column":null}},"4":{"start":{"line":12,"column":2},"end":{"line":12,"column":null}},"5":{"start":{"line":12,"column":61},"end":{"line":12,"column":null}},"6":{"start":{"line":13,"column":2},"end":{"line":15,"column":null}},"7":{"start":{"line":14,"column":4},"end":{"line":14,"column":null}},"8":{"start":{"line":17,"column":2},"end":{"line":23,"column":null}},"9":{"start":{"line":18,"column":20},"end":{"line":18,"column":null}},"10":{"start":{"line":19,"column":4},"end":{"line":19,"column":null}},"11":{"start":{"line":19,"column":24},"end":{"line":19,"column":null}},"12":{"start":{"line":20,"column":29},"end":{"line":20,"column":null}},"13":{"start":{"line":21,"column":18},"end":{"line":21,"column":null}},"14":{"start":{"line":22,"column":4},"end":{"line":22,"column":null}},"15":{"start":{"line":22,"column":32},"end":{"line":22,"column":null}},"16":{"start":{"line":25,"column":14},"end":{"line":25,"column":null}},"17":{"start":{"line":26,"column":14},"end":{"line":26,"column":null}},"18":{"start":{"line":27,"column":2},"end":{"line":27,"column":null}}},"fnMap":{"0":{"name":"normalizeString","decl":{"start":{"line":1,"column":16},"end":{"line":1,"column":32}},"loc":{"start":{"line":1,"column":53},"end":{"line":9,"column":null}},"line":1},"1":{"name":"parseNumber","decl":{"start":{"line":11,"column":16},"end":{"line":11,"column":28}},"loc":{"start":{"line":11,"column":59},"end":{"line":28,"column":null}},"line":11}},"branchMap":{"0":{"loc":{"start":{"line":12,"column":2},"end":{"line":12,"column":null}},"type":"if","locations":[{"start":{"line":12,"column":2},"end":{"line":12,"column":null}},{"start":{},"end":{}}],"line":12},"1":{"loc":{"start":{"line":12,"column":6},"end":{"line":12,"column":61}},"type":"binary-expr","locations":[{"start":{"line":12,"column":6},"end":{"line":12,"column":24}},{"start":{"line":12,"column":24},"end":{"line":12,"column":47}},{"start":{"line":12,"column":47},"end":{"line":12,"column":61}}],"line":12},"2":{"loc":{"start":{"line":13,"column":2},"end":{"line":15,"column":null}},"type":"if","locations":[{"start":{"line":13,"column":2},"end":{"line":15,"column":null}},{"start":{},"end":{}}],"line":13},"3":{"loc":{"start":{"line":14,"column":11},"end":{"line":14,"column":null}},"type":"cond-expr","locations":[{"start":{"line":14,"column":36},"end":{"line":14,"column":44}},{"start":{"line":14,"column":44},"end":{"line":14,"column":null}}],"line":14},"4":{"loc":{"start":{"line":17,"column":2},"end":{"line":23,"column":null}},"type":"if","locations":[{"start":{"line":17,"column":2},"end":{"line":23,"column":null}},{"start":{},"end":{}}],"line":17},"5":{"loc":{"start":{"line":19,"column":4},"end":{"line":19,"column":null}},"type":"if","locations":[{"start":{"line":19,"column":4},"end":{"line":19,"column":null}},{"start":{},"end":{}}],"line":19},"6":{"loc":{"start":{"line":22,"column":4},"end":{"line":22,"column":null}},"type":"if","locations":[{"start":{"line":22,"column":4},"end":{"line":22,"column":null}},{"start":{},"end":{}}],"line":22},"7":{"loc":{"start":{"line":27,"column":9},"end":{"line":27,"column":null}},"type":"cond-expr","locations":[{"start":{"line":27,"column":22},"end":{"line":27,"column":29}},{"start":{"line":27,"column":29},"end":{"line":27,"column":null}}],"line":27}},"s":{"0":0,"1":0,"2":0,"3":0,"4":0,"5":0,"6":0,"7":0,"8":0,"9":0,"10":0,"11":0,"12":0,"13":0,"14":0,"15":0,"16":0,"17":0,"18":0},"f":{"0":0,"1":0},"b":{"0":[0,0],"1":[0,0,0],"2":[0,0],"3":[0,0],"4":[0,0],"5":[0,0],"6":[0,0],"7":[0,0]},"meta":{"lastBranch":8,"lastFunction":2,"lastStatement":19,"seen":{"f:1:16:1:32":0,"s:3:19:3:Infinity":0,"s:5:2:5:Infinity":1,"s:7:2:7:Infinity":2,"s:8:2:8:Infinity":3,"f:11:16:11:28":1,"b:12:2:12:Infinity:undefined:undefined:undefined:undefined":0,"s:12:2:12:Infinity":4,"b:12:6:12:24:12:24:12:47:12:47:12:61":1,"s:12:61:12:Infinity":5,"b:13:2:15:Infinity:undefined:undefined:undefined:undefined":2,"s:13:2:15:Infinity":6,"s:14:4:14:Infinity":7,"b:14:36:14:44:14:44:14:Infinity":3,"b:17:2:23:Infinity:undefined:undefined:undefined:undefined":4,"s:17:2:23:Infinity":8,"s:18:20:18:Infinity":9,"b:19:4:19:Infinity:undefined:undefined:undefined:undefined":5,"s:19:4:19:Infinity":10,"s:19:24:19:Infinity":11,"s:20:29:20:Infinity":12,"s:21:18:21:Infinity":13,"b:22:4:22:Infinity:undefined:undefined:undefined:undefined":6,"s:22:4:22:Infinity":14,"s:22:32:22:Infinity":15,"s:25:14:25:Infinity":16,"s:26:14:26:Infinity":17,"s:27:2:27:Infinity":18,"b:27:22:27:29:27:29:27:Infinity":7}}}
}
